 Calculate Cross Sections from Resonance Parameters (RECENT 2017-2)
 ==============================================================================
 Retrieval Criteria-----------        MAT
 File 2 Mimimum Cross Section- 1.0000E-10                     
 Reactions with No Background-     Output (Resonance Contribution)
 Calculate/Edit Mode----------  Calculate. List Resonance Parameters.  
 Negative Cross Sections------   Make = 0 (No Negative Output)     
 Monitor Mode-----------------         On
 ==============================================================================
 ENDF/B Input and Output Data Filenames
 n-Y089.res.tendl.2021                                                   
 n-Y089.res.point0                                                       
 ==============================================================================
 Requested MAT Ranges
 ==============================================================================
    Mimimum    Maximum
 ==============================================================================
          1       9999
 ==============================================================================
 File 2 Reconstruction Error
 ==============================================================================
      Energy      Error   per-cent
 ==============================================================================
  0.0         .001000000      0.100 (Default Option)
 ==============================================================================
 ENDF/B Tape Label
 ==============================================================================
  n-Y089.res.tendl.2021: Merger of MF1 and MF2                       99
 ******************************************************************************
 Processing  39-Y -89  MAT= 3925
 ******************************************************************************
 Based on the Format and Contents of MF=1, MT=451
 (1) ENDF/B-VI Format.
 (2) Material is NOT Fissile (LFI=0).
 (3) Resonance Parameters are Given (LRP=1).
 (4) Projectile ZA =      1 (Neutron).
 (5) Temperature of Background  0.0        Kelvin.
 ==============================================================================
 Listing of All Resonance Parameters
 ==============================================================================
 Element or Material------------------ 39-Y -89 
 Atomic Weight Ratio------------------ 88.1421000
 Number of Isotopes-------------------          1
 ==============================================================================
 Isotope Number-----------------------          1
 Isotope------------------------------ 39-Y -89 
 Fractional Abundance----------------- 1.00000000
 LFW (Fission Widths)-----------------          0 (No Fission Widths)        
 Number of Energy Ranges--------------          1
 ==============================================================================
 Lower Limit of the Energy Range------ 1.00000E-5 eV
 Upper Limit of the Energy Range------ 301001.000 eV
 LRU (Type of Region)-----------------          1 (Resolved Region)          
 LRF (Type of Resolved Parameters)----          2 (Multi-Level Breit-Wigner) 
 NRO (Scattering Radius)--------------          0 (Energy Independent)        
 NAPS (Channel Radius)----------------          1 (= Scattering Radius)       
 ==============================================================================
 Nuclear Spin of Target--------------- .500000000
 Effective Scattering Radius (A+)----- .674000000
 Number of L Values-------------------          2
 ==============================================================================
 Atomic Weight Ratio of Isotope------- 88.1421000
 Competitive Reaction Q Value--------- 0.0        eV
 Angular Momentum (L)-----------------          0
 LRX (Competitive Widths)-------------          0 (No Competitive Widths)                 
 Number of Resonances-----------------         71
 ==============================================================================
 Multi-Level Breit-Wigner Resonance Parameters
 ==============================================================================
      Energy  J Value      Total    Neutron    Capture    Fission Competition
        (eV)                (eV)       (eV)       (eV)       (eV)        (eV)
 ==============================================================================
  7498.00000   0.00   65.2810000 65.2000000 .081000000 0.0         0.0       
  11592.0000   0.00   62.0810000 62.0000000 .081000000 0.0         0.0       
  15233.0000   0.00   58.8810000 58.8000000 .081000000 0.0         0.0       
  26400.0000   0.00   97.6810000 97.6000000 .081000000 0.0         0.0       
  52944.0000   0.00   700.081000 700.000000 .081000000 0.0         0.0       
  91777.0000   0.00   52.0810000 52.0000000 .081000000 0.0         0.0       
  105920.000   0.00   424.081000 424.000000 .081000000 0.0         0.0       
  148200.000   0.00   424.081000 424.000000 .081000000 0.0         0.0       
  152310.000   0.00   80.0810000 80.0000000 .081000000 0.0         0.0       
  168530.000   0.00   70.0810000 70.0000000 .081000000 0.0         0.0       
  169500.000   0.00   476.081000 476.000000 .081000000 0.0         0.0       
  185120.000   0.00   88.0810000 88.0000000 .081000000 0.0         0.0       
  187550.000   0.00   232.081000 232.000000 .081000000 0.0         0.0       
  206320.000   0.00   22.0810000 22.0000000 .081000000 0.0         0.0       
  216950.000   0.00   144.081000 144.000000 .081000000 0.0         0.0       
  219680.000   0.00   100.081000 100.000000 .081000000 0.0         0.0       
  240870.000   0.00   24.0810000 24.0000000 .081000000 0.0         0.0       
  249270.000   0.00   756.081000 756.000000 .081000000 0.0         0.0       
  268280.000   0.00   38.0810000 38.0000000 .081000000 0.0         0.0       
 ------------------------------------------------------------------------------
 -251.000000   1.00   3.33578800 3.20978800 .126000000 0.0         0.0       
  2598.00000   1.00   .934333400 .853333400 .081000000 0.0         0.0       
  13784.0000   1.00   1.94766700 1.86666700 .081000000 0.0         0.0       
  26942.0000   1.00   3.68100000 3.60000000 .081000000 0.0         0.0       
  29648.0000   1.00   91.4143400 91.3333400 .081000000 0.0         0.0       
  38064.0000   1.00   12.7476700 12.6666700 .081000000 0.0         0.0       
  42138.0000   1.00   82.7476600 82.6666600 .081000000 0.0         0.0       
  50291.0000   1.00   6.74766700 6.66666700 .081000000 0.0         0.0       
  52865.0000   1.00   36.0810000 36.0000000 .081000000 0.0         0.0       
  56120.0000   1.00   45.4143300 45.3333300 .081000000 0.0         0.0       
  64669.0000   1.00   50.7476700 50.6666700 .081000000 0.0         0.0       
  67823.0000   1.00   117.414300 117.333300 .081000000 0.0         0.0       
  69800.0000   1.00   21.4143300 21.3333300 .081000000 0.0         0.0       
  76200.0000   1.00   98.7476600 98.6666600 .081000000 0.0         0.0       
  78952.0000   1.00   10.2143300 10.1333300 .081000000 0.0         0.0       
  83204.0000   1.00   288.081000 288.000000 .081000000 0.0         0.0       
  97820.0000   1.00   25.4143300 25.3333300 .081000000 0.0         0.0       
  100490.000   1.00   4.08100000 4.00000000 .081000000 0.0         0.0       
  101930.000   1.00   2.74766700 2.66666700 .081000000 0.0         0.0       
  101970.000   1.00   17.4143300 17.3333300 .081000000 0.0         0.0       
  103940.000   1.00   12.0810000 12.0000000 .081000000 0.0         0.0       
  109760.000   1.00   36.0810000 36.0000000 .081000000 0.0         0.0       
  111930.000   1.00   46.7476700 46.6666700 .081000000 0.0         0.0       
  115300.000   1.00   237.414300 237.333300 .081000000 0.0         0.0       
  120910.000   1.00   34.7476700 34.6666700 .081000000 0.0         0.0       
  123750.000   1.00   53.4143300 53.3333300 .081000000 0.0         0.0       
  131820.000   1.00   11.4143300 11.3333300 .081000000 0.0         0.0       
  133710.000   1.00   33.4143300 33.3333300 .081000000 0.0         0.0       
  139100.000   1.00   53.4143300 53.3333300 .081000000 0.0         0.0       
  154250.000   1.00   56.0810000 56.0000000 .081000000 0.0         0.0       
  164640.000   1.00   166.747700 166.666700 .081000000 0.0         0.0       
  175730.000   1.00   145.414300 145.333300 .081000000 0.0         0.0       
  182440.000   1.00   133.414300 133.333300 .081000000 0.0         0.0       
  184600.000   1.00   104.081000 104.000000 .081000000 0.0         0.0       
  197600.000   1.00   4.08100000 4.00000000 .081000000 0.0         0.0       
  202390.000   1.00   162.747700 162.666700 .081000000 0.0         0.0       
  204090.000   1.00   6.74766700 6.66666700 .081000000 0.0         0.0       
  206590.000   1.00   66.7476600 66.6666600 .081000000 0.0         0.0       
  210930.000   1.00   6.08100000 6.00000000 .081000000 0.0         0.0       
  212010.000   1.00   6.08100000 6.00000000 .081000000 0.0         0.0       
  212190.000   1.00   105.414300 105.333300 .081000000 0.0         0.0       
  212250.000   1.00   6.74766700 6.66666700 .081000000 0.0         0.0       
  216050.000   1.00   6.08100000 6.00000000 .081000000 0.0         0.0       
  218720.000   1.00   38.7476700 38.6666700 .081000000 0.0         0.0       
  225260.000   1.00   305.414300 305.333300 .081000000 0.0         0.0       
  232310.000   1.00   158.747700 158.666700 .081000000 0.0         0.0       
  239370.000   1.00   5.41433300 5.33333300 .081000000 0.0         0.0       
  246020.000   1.00   118.747700 118.666700 .081000000 0.0         0.0       
  250730.000   1.00   42.7476700 42.6666700 .081000000 0.0         0.0       
  266240.000   1.00   57.4143300 57.3333300 .081000000 0.0         0.0       
  270700.000   1.00   120.081000 120.000000 .081000000 0.0         0.0       
  280470.000   1.00   700.081000 700.000000 .081000000 0.0         0.0       
 ==============================================================================
 Atomic Weight Ratio of Isotope------- 88.1421000
 Competitive Reaction Q Value--------- 0.0        eV
 Angular Momentum (L)-----------------          1
 LRX (Competitive Widths)-------------          0 (No Competitive Widths)                 
 Number of Resonances-----------------        231
 ------------------------------------------------------------------------------
 WARNING...WARNING...WARNING...WARNING...WARNING...WARNING...WARNING...WARNING
 L= 1 J =  1.000 Corresponds to 2 Resonance Sequences.
 ------------------------------------------------------------------------------
 ==============================================================================
 Multi-Level Breit-Wigner Resonance Parameters
 ==============================================================================
      Energy  J Value      Total    Neutron    Capture    Fission Competition
        (eV)                (eV)       (eV)       (eV)       (eV)        (eV)
 ==============================================================================
  9743.00000   0.00   4.70400000 4.58000000 .124000000 0.0         0.0       
  13015.0000   0.00   18.3040000 18.0000000 .304000000 0.0         0.0       
  14230.0000   0.00   9.28500000 8.80000000 .485000000 0.0         0.0       
  16590.0000   0.00   .127000000 .046000000 .081000000 0.0         0.0       
  20320.0000   0.00   22.2510000 22.0000000 .251000000 0.0         0.0       
  23731.0000   0.00   6.48100000 6.40000000 .081000000 0.0         0.0       
  35460.0000   0.00   2.85000000 2.60000000 .250000000 0.0         0.0       
  35535.0000   0.00   56.1000000 56.0000000 .100000000 0.0         0.0       
  38348.0000   0.00   28.1290000 28.0000000 .129000000 0.0         0.0       
  41527.0000   0.00   6.48100000 6.40000000 .081000000 0.0         0.0       
  42712.0000   0.00   8.08100000 8.00000000 .081000000 0.0         0.0       
  44599.0000   0.00   6.20300000 6.00000000 .203000000 0.0         0.0       
  51910.0000   0.00   6.08100000 6.00000000 .081000000 0.0         0.0       
  52035.0000   0.00   4.08100000 4.00000000 .081000000 0.0         0.0       
  55242.0000   0.00   2.48100000 2.40000000 .081000000 0.0         0.0       
  56582.0000   0.00   20.0810000 20.0000000 .081000000 0.0         0.0       
  56680.0000   0.00   28.0810000 28.0000000 .081000000 0.0         0.0       
  69070.0000   0.00   20.0810000 20.0000000 .081000000 0.0         0.0       
  74490.0000   0.00   20.0810000 20.0000000 .081000000 0.0         0.0       
  75628.0000   0.00   12.0810000 12.0000000 .081000000 0.0         0.0       
  75977.0000   0.00   12.0810000 12.0000000 .081000000 0.0         0.0       
  83180.0000   0.00   20.0810000 20.0000000 .081000000 0.0         0.0       
  84860.0000   0.00   36.0810000 36.0000000 .081000000 0.0         0.0       
  84986.0000   0.00   16.0810000 16.0000000 .081000000 0.0         0.0       
  85580.0000   0.00   160.081000 160.000000 .081000000 0.0         0.0       
  89173.0000   0.00   20.0810000 20.0000000 .081000000 0.0         0.0       
  89990.0000   0.00   24.0810000 24.0000000 .081000000 0.0         0.0       
  96040.0000   0.00   20.0810000 20.0000000 .081000000 0.0         0.0       
  98740.0000   0.00   12.0810000 12.0000000 .081000000 0.0         0.0       
  107610.000   0.00   52.0810000 52.0000000 .081000000 0.0         0.0       
  109450.000   0.00   48.0810000 48.0000000 .081000000 0.0         0.0       
  111060.000   0.00   36.0810000 36.0000000 .081000000 0.0         0.0       
  119960.000   0.00   20.0810000 20.0000000 .081000000 0.0         0.0       
  120010.000   0.00   18.0810000 18.0000000 .081000000 0.0         0.0       
  120090.000   0.00   56.0810000 56.0000000 .081000000 0.0         0.0       
  122710.000   0.00   236.081000 236.000000 .081000000 0.0         0.0       
  127950.000   0.00   72.0810000 72.0000000 .081000000 0.0         0.0       
  130430.000   0.00   64.0810000 64.0000000 .081000000 0.0         0.0       
  131640.000   0.00   16.0810000 16.0000000 .081000000 0.0         0.0       
  131790.000   0.00   16.0810000 16.0000000 .081000000 0.0         0.0       
  132520.000   0.00   36.0810000 36.0000000 .081000000 0.0         0.0       
  133140.000   0.00   36.0810000 36.0000000 .081000000 0.0         0.0       
  139040.000   0.00   20.0810000 20.0000000 .081000000 0.0         0.0       
  140190.000   0.00   20.0810000 20.0000000 .081000000 0.0         0.0       
  143890.000   0.00   38.0810000 38.0000000 .081000000 0.0         0.0       
  144670.000   0.00   20.0810000 20.0000000 .081000000 0.0         0.0       
  159840.000   0.00   96.0810000 96.0000000 .081000000 0.0         0.0       
  163970.000   0.00   84.0810000 84.0000000 .081000000 0.0         0.0       
  164600.000   0.00   1376.08100 1376.00000 .081000000 0.0         0.0       
  172750.000   0.00   136.081000 136.000000 .081000000 0.0         0.0       
  179080.000   0.00   32.0810000 32.0000000 .081000000 0.0         0.0       
  179920.000   0.00   48.0810000 48.0000000 .081000000 0.0         0.0       
  189830.000   0.00   20.0810000 20.0000000 .081000000 0.0         0.0       
  191330.000   0.00   540.081000 540.000000 .081000000 0.0         0.0       
  192000.000   0.00   28.0810000 28.0000000 .081000000 0.0         0.0       
  193620.000   0.00   40.0810000 40.0000000 .081000000 0.0         0.0       
  199920.000   0.00   64.0810000 64.0000000 .081000000 0.0         0.0       
  205670.000   0.00   92.0810000 92.0000000 .081000000 0.0         0.0       
  208090.000   0.00   48.0810000 48.0000000 .081000000 0.0         0.0       
  209410.000   0.00   96.0810000 96.0000000 .081000000 0.0         0.0       
  219950.000   0.00   72.0810000 72.0000000 .081000000 0.0         0.0       
  220940.000   0.00   1156.08100 1156.00000 .081000000 0.0         0.0       
  222230.000   0.00   500.081000 500.000000 .081000000 0.0         0.0       
  236370.000   0.00   68.0810000 68.0000000 .081000000 0.0         0.0       
  238470.000   0.00   48.0810000 48.0000000 .081000000 0.0         0.0       
  238590.000   0.00   44.0810000 44.0000000 .081000000 0.0         0.0       
  240430.000   0.00   1436.08100 1436.00000 .081000000 0.0         0.0       
  242580.000   0.00   22.0810000 22.0000000 .081000000 0.0         0.0       
  243920.000   0.00   72.0810000 72.0000000 .081000000 0.0         0.0       
  248880.000   0.00   24.0810000 24.0000000 .081000000 0.0         0.0       
  250400.000   0.00   468.081000 468.000000 .081000000 0.0         0.0       
  252280.000   0.00   6152.08100 6152.00000 .081000000 0.0         0.0       
  252980.000   0.00   3084.08100 3084.00000 .081000000 0.0         0.0       
  256430.000   0.00   152.081000 152.000000 .081000000 0.0         0.0       
  257060.000   0.00   524.081000 524.000000 .081000000 0.0         0.0       
  262680.000   0.00   856.081000 856.000000 .081000000 0.0         0.0       
  266010.000   0.00   224.081000 224.000000 .081000000 0.0         0.0       
  266820.000   0.00   248.081000 248.000000 .081000000 0.0         0.0       
  269190.000   0.00   796.081000 796.000000 .081000000 0.0         0.0       
  271900.000   0.00   148.081000 148.000000 .081000000 0.0         0.0       
  274760.000   0.00   376.081000 376.000000 .081000000 0.0         0.0       
  276450.000   0.00   1372.08100 1372.00000 .081000000 0.0         0.0       
  279000.000   0.00   1040.08100 1040.00000 .081000000 0.0         0.0       
  279860.000   0.00   174.081000 174.000000 .081000000 0.0         0.0       
  288000.000   0.00   8988.08100 8988.00000 .081000000 0.0         0.0       
  298930.000   0.00   468.081000 468.000000 .081000000 0.0         0.0       
 ------------------------------------------------------------------------------
  2609.00000   1.00   1.93833300 1.41333300 .525000000 0.0         0.0       
  3381.00000   1.00   .454333300 .373333300 .081000000 0.0         0.0       
  9415.00000   1.00   3.49733300 3.33333300 .164000000 0.0         0.0       
  11590.0000   1.00   4.54200000 4.00000000 .542000100 0.0         0.0       
  17130.0000   1.00   .113733300 .032733330 .081000000 0.0         0.0       
  28221.0000   1.00   4.92866700 4.66666700 .262000000 0.0         0.0       
  29370.0000   1.00   77.6603500 77.3333400 .327000000 0.0         0.0       
  30153.0000   1.00   20.3900000 20.0000000 .390000000 0.0         0.0       
  32933.0000   1.00   18.8246700 18.6666700 .158000000 0.0         0.0       
  33060.0000   1.00   .122333300 .041333330 .081000000 0.0         0.0       
  34848.0000   1.00   90.8036600 90.6666600 .137000000 0.0         0.0       
  41008.0000   1.00   20.1710000 20.0000000 .171000000 0.0         0.0       
  45700.0000   1.00   .164333300 .083333340 .081000000 0.0         0.0       
  51703.0000   1.00   60.0810000 60.0000000 .081000000 0.0         0.0       
  52140.0000   1.00   72.0810000 72.0000000 .081000000 0.0         0.0       
  55330.0000   1.00   46.7476700 46.6666700 .081000000 0.0         0.0       
  56365.0000   1.00   97.4143400 97.3333400 .081000000 0.0         0.0       
  61695.0000   1.00   16.0810000 16.0000000 .081000000 0.0         0.0       
  62459.0000   1.00   53.4143300 53.3333300 .081000000 0.0         0.0       
  65489.0000   1.00   106.747700 106.666700 .081000000 0.0         0.0       
  75107.0000   1.00   26.7476700 26.6666700 .081000000 0.0         0.0       
  75740.0000   1.00   202.747700 202.666700 .081000000 0.0         0.0       
  76940.0000   1.00   493.414300 493.333300 .081000000 0.0         0.0       
  85210.0000   1.00   40.0810000 40.0000000 .081000000 0.0         0.0       
  92538.0000   1.00   245.414300 245.333300 .081000000 0.0         0.0       
  97269.0000   1.00   54.7476700 54.6666700 .081000000 0.0         0.0       
  100590.000   1.00   18.7476700 18.6666700 .081000000 0.0         0.0       
  104170.000   1.00   84.0810000 84.0000000 .081000000 0.0         0.0       
  106850.000   1.00   8.08100000 8.00000000 .081000000 0.0         0.0       
  113970.000   1.00   196.081000 196.000000 .081000000 0.0         0.0       
  119070.000   1.00   534.747700 534.666700 .081000000 0.0         0.0       
  120150.000   1.00   60.0810000 60.0000000 .081000000 0.0         0.0       
  124550.000   1.00   556.081000 556.000000 .081000000 0.0         0.0       
  132370.000   1.00   177.414300 177.333300 .081000000 0.0         0.0       
  133200.000   1.00   113.414300 113.333300 .081000000 0.0         0.0       
  133340.000   1.00   469.414300 469.333300 .081000000 0.0         0.0       
  138550.000   1.00   253.414300 253.333300 .081000000 0.0         0.0       
  140040.000   1.00   132.081000 132.000000 .081000000 0.0         0.0       
  140660.000   1.00   488.081000 488.000000 .081000000 0.0         0.0       
  144980.000   1.00   160.081000 160.000000 .081000000 0.0         0.0       
  146820.000   1.00   57.4143300 57.3333300 .081000000 0.0         0.0       
  148510.000   1.00   46.7476700 46.6666700 .081000000 0.0         0.0       
  153070.000   1.00   181.414300 181.333300 .081000000 0.0         0.0       
  161400.000   1.00   288.081000 288.000000 .081000000 0.0         0.0       
  166910.000   1.00   202.747700 202.666700 .081000000 0.0         0.0       
  170820.000   1.00   213.414300 213.333300 .081000000 0.0         0.0       
  173750.000   1.00   40.0810000 40.0000000 .081000000 0.0         0.0       
  176960.000   1.00   308.081000 308.000000 .081000000 0.0         0.0       
  177590.000   1.00   124.081000 124.000000 .081000000 0.0         0.0       
  181600.000   1.00   129.414300 129.333300 .081000000 0.0         0.0       
  186510.000   1.00   233.414300 233.333300 .081000000 0.0         0.0       
  190210.000   1.00   48.0810000 48.0000000 .081000000 0.0         0.0       
  200160.000   1.00   218.747700 218.666700 .081000000 0.0         0.0       
  202040.000   1.00   177.414300 177.333300 .081000000 0.0         0.0       
  204300.000   1.00   222.747700 222.666700 .081000000 0.0         0.0       
  209590.000   1.00   257.414300 257.333300 .081000000 0.0         0.0       
  216560.000   1.00   294.747700 294.666700 .081000000 0.0         0.0       
  221940.000   1.00   1041.41400 1041.33300 .081000000 0.0         0.0       
  227450.000   1.00   70.7476600 70.6666600 .081000000 0.0         0.0       
  228070.000   1.00   54.7476700 54.6666700 .081000000 0.0         0.0       
  230260.000   1.00   730.747700 730.666700 .081000000 0.0         0.0       
  233000.000   1.00   10.7476700 10.6666700 .081000000 0.0         0.0       
  235880.000   1.00   473.414300 473.333300 .081000000 0.0         0.0       
  238780.000   1.00   222.747700 222.666700 .081000000 0.0         0.0       
  244770.000   1.00   809.414300 809.333300 .081000000 0.0         0.0       
  246950.000   1.00   598.747700 598.666700 .081000000 0.0         0.0       
  253550.000   1.00   757.414300 757.333300 .081000000 0.0         0.0       
  262230.000   1.00   1932.08100 1932.00000 .081000000 0.0         0.0       
  267070.000   1.00   218.747700 218.666700 .081000000 0.0         0.0       
  278660.000   1.00   605.414300 605.333300 .081000000 0.0         0.0       
  279500.000   1.00   693.414300 693.333300 .081000000 0.0         0.0       
  280810.000   1.00   174.747700 174.666700 .081000000 0.0         0.0       
  284980.000   1.00   626.747700 626.666700 .081000000 0.0         0.0       
  285930.000   1.00   1782.74800 1782.66700 .081000000 0.0         0.0       
  291250.000   1.00   4006.74800 4006.66700 .081000000 0.0         0.0       
 ------------------------------------------------------------------------------
  4779.00000   2.00   .109400000 .028400000 .081000000 0.0         0.0       
  5715.00000   2.00   .157000000 .076000000 .081000000 0.0         0.0       
  7267.00000   2.00   .129000000 .048000000 .081000000 0.0         0.0       
  18600.0000   2.00   .097000000 .016000000 .081000000 0.0         0.0       
  22130.0000   2.00   .117800000 .036800000 .081000000 0.0         0.0       
  23070.0000   2.00   21.4800000 21.2000000 .280000000 0.0         0.0       
  24130.0000   2.00   .097000000 .016000000 .081000000 0.0         0.0       
  24177.0000   2.00   12.9100000 12.8000000 .110000000 0.0         0.0       
  24625.0000   2.00   32.3000000 32.0000000 .300000000 0.0         0.0       
  26780.0000   2.00   .091000000 .010000000 .081000000 0.0         0.0       
  33490.0000   2.00   .166200000 .085200000 .081000000 0.0         0.0       
  36900.0000   2.00   .117800000 .036800000 .081000000 0.0         0.0       
  37070.0000   2.00   .113800000 .032800000 .081000000 0.0         0.0       
  38314.0000   2.00   8.32400000 8.00000000 .324000000 0.0         0.0       
  46700.0000   2.00   .881000000 .800000000 .081000000 0.0         0.0       
  62661.0000   2.00   205.681000 205.600000 .081000000 0.0         0.0       
  68621.0000   2.00   168.881000 168.800000 .081000000 0.0         0.0       
  70486.0000   2.00   48.0810000 48.0000000 .081000000 0.0         0.0       
  83525.0000   2.00   60.0810000 60.0000000 .081000000 0.0         0.0       
  85440.0000   2.00   129.681000 129.600000 .081000000 0.0         0.0       
  89835.0000   2.00   203.281000 203.200000 .081000000 0.0         0.0       
  94125.0000   2.00   20.0810000 20.0000000 .081000000 0.0         0.0       
  102580.000   2.00   28.0810000 28.0000000 .081000000 0.0         0.0       
  104120.000   2.00   12.0810000 12.0000000 .081000000 0.0         0.0       
  105910.000   2.00   9.68100100 9.60000000 .081000000 0.0         0.0       
  112740.000   2.00   332.081000 332.000000 .081000000 0.0         0.0       
  117200.000   2.00   84.8810000 84.8000000 .081000000 0.0         0.0       
  123110.000   2.00   88.0810000 88.0000000 .081000000 0.0         0.0       
  127210.000   2.00   259.281000 259.200000 .081000000 0.0         0.0       
  133500.000   2.00   32.8810000 32.8000000 .081000000 0.0         0.0       
  136120.000   2.00   256.081000 256.000000 .081000000 0.0         0.0       
  140540.000   2.00   40.0810000 40.0000000 .081000000 0.0         0.0       
  141770.000   2.00   269.681000 269.600000 .081000000 0.0         0.0       
  144080.000   2.00   120.081000 120.000000 .081000000 0.0         0.0       
  150740.000   2.00   140.081000 140.000000 .081000000 0.0         0.0       
  161310.000   2.00   521.681000 521.600000 .081000000 0.0         0.0       
  166170.000   2.00   160.081000 160.000000 .081000000 0.0         0.0       
  171360.000   2.00   169.681000 169.600000 .081000000 0.0         0.0       
  175870.000   2.00   132.081000 132.000000 .081000000 0.0         0.0       
  176860.000   2.00   526.481000 526.400000 .081000000 0.0         0.0       
  181260.000   2.00   800.081000 800.000000 .081000000 0.0         0.0       
  189440.000   2.00   133.681000 133.600000 .081000000 0.0         0.0       
  193990.000   2.00   280.081000 280.000000 .081000000 0.0         0.0       
  195460.000   2.00   119.281000 119.200000 .081000000 0.0         0.0       
  208560.000   2.00   360.881000 360.800000 .081000000 0.0         0.0       
  217440.000   2.00   312.081000 312.000000 .081000000 0.0         0.0       
  220180.000   2.00   161.681000 161.600000 .081000000 0.0         0.0       
  222500.000   2.00   237.681000 237.600000 .081000000 0.0         0.0       
  223750.000   2.00   202.481000 202.400000 .081000000 0.0         0.0       
  233620.000   2.00   799.281000 799.200000 .081000000 0.0         0.0       
  245130.000   2.00   190.481000 190.400000 .081000000 0.0         0.0       
  247640.000   2.00   601.681000 601.600000 .081000000 0.0         0.0       
  250960.000   2.00   256.081000 256.000000 .081000000 0.0         0.0       
  252610.000   2.00   150.481000 150.400000 .081000000 0.0         0.0       
  256600.000   2.00   236.881000 236.800000 .081000000 0.0         0.0       
  259080.000   2.00   720.081000 720.000000 .081000000 0.0         0.0       
  262360.000   2.00   60.8810000 60.8000000 .081000000 0.0         0.0       
  263310.000   2.00   68.0810000 68.0000000 .081000000 0.0         0.0       
  264400.000   2.00   63.2810000 63.2000000 .081000000 0.0         0.0       
  268470.000   2.00   304.081000 304.000000 .081000000 0.0         0.0       
  270340.000   2.00   1032.08100 1032.00000 .081000000 0.0         0.0       
  275120.000   2.00   273.681000 273.600000 .081000000 0.0         0.0       
  277050.000   2.00   320.081000 320.000000 .081000000 0.0         0.0       
  280160.000   2.00   130.481000 130.400000 .081000000 0.0         0.0       
  281900.000   2.00   578.481000 578.400000 .081000000 0.0         0.0       
  289980.000   2.00   63.2810000 63.2000000 .081000000 0.0         0.0       
  294550.000   2.00   84.8810000 84.8000000 .081000000 0.0         0.0       
  296970.000   2.00   720.081000 720.000000 .081000000 0.0         0.0       
  298290.000   2.00   368.081000 368.000000 .081000000 0.0         0.0       
  299520.000   2.00   880.081000 880.000000 .081000000 0.0         0.0       
 ------------------------------------------------------------------------------
 WARNING...WARNING...WARNING...WARNING...WARNING...WARNING...WARNING...WARNING
 FOR L =  1 Expect Sum of Statistical Weights (GJ) to Equal
 (2*L + 1) =  3.000
 Found     =  2.250
 Corrective Action Will be Taken to Correctly Calculate
 the Potential Scattering Cross Section - This Procedure is
 Based on the Decision of the National Nuclear Data Center,
 Brookhaven National Laboratory, Private Communication,
 Charles Dunford, (April 1991)
 ==============================================================================
 Summary of Calculated MT #
 ------------------------------------------------------------------------------
    1    2  102
 ==============================================================================
 Reconstructing Cross Sections from Resonance Parameters
 ==============================================================================
        E-Low     E-High   Points   Type of Resonance Region
        (eV)       (eV)   Generated Messages
 ==============================================================================
   1.00000E-5 301001.000      52393 Resolved
 ==============================================================================
 Entire Resonance Region      52393 Points
 ==============================================================================
 Summary of Output MT #
 ------------------------------------------------------------------------------
    1    2  102
 ==============================================================================
 Combining File 2 and File 3 Data
 ==============================================================================
 Reaction   MT  File 2  File 3  Combined
                Points  Points    Points Comments
 ==============================================================================
    Total    1   52393       0     52393 No Background. Output Resonance Part.
  Elastic    2   52393       0     52393 No Background. Output Resonance Part.
  Capture  102   52393       0     52393 No Background. Output Resonance Part.
 ==============================================================================
 ==============================================================================
      MAT Total Execution Time                0.59 Seconds
 ==============================================================================
 ******************************************************************************
 End of ENDF/B Input Data
 ******************************************************************************
 Core Allocation and Requirements
 ==============================================================================
         Sections   Nodes Parameter
                            Storage
 ==============================================================================
 Allocated    100  300000    300000
 Required       2     304       302
 ==============================================================================
 End of Run
 ==============================================================================
 ==============================================================================
 SIGMA1   Total Execution Time                0.59 Seconds
 ==============================================================================
