                                                     MT=  1
 MAT 3925                         293.160004 Kelvin Unshielded Cross Sections                          39-Y -89 

   No.  Group-eV   Average      No.  Group-eV   Average      No.  Group-eV   Average      No.  Group-eV   Average

     1 1.00000E-5 109.992289    177 .033113112 8.83866701    353 109.647820 6.83721866    529 363078.055 0.0       
     2 1.04713E-5 107.514354    178 .034673685 8.81172369    354 114.815362 6.80994491    530 380189.396 0.0       
     3 1.09648E-5 105.091192    179 .036307805 8.78616633    355 120.226443 6.78157813    531 398107.171 0.0       
     4 1.14815E-5 102.726824    180 .038018940 8.76042345    356 125.892541 6.75354313    532 416869.383 0.0       
     5 1.20226E-5 100.413686    181 .039810717 8.73607334    357 131.825674 6.72467045    533 436515.832 0.0       
     6 1.25893E-5 98.1566935    182 .041686938 8.71151399    358 138.038426 6.69574828    534 457088.190 0.0       
     7 1.31826E-5 95.9497154    183 .043651583 8.68832290    359 144.543977 6.66648473    535 478630.092 0.0       
     8 1.38038E-5 93.7943079    184 .045708819 8.66491852    360 151.356125 6.63683145    536 501187.234 0.0       
     9 1.44544E-5 91.6892323    185 .047863009 8.64280382    361 158.489319 6.60718486    537 524807.460 0.0       
    10 1.51356E-5 89.6309161    186 .050118723 8.62055052    362 165.958691 6.57691497    538 549540.874 0.0       
    11 1.58489E-5 87.6227039    187 .052480746 8.59941252    363 173.780083 6.54691486    539 575439.937 0.0       
    12 1.65959E-5 85.6581903    188 .054954087 8.57834730    364 181.970086 6.51640389    540 602559.586 0.0       
    13 1.73780E-5 83.7415754    189 .057543994 8.55805462    365 190.546072 6.48613266    541 630957.344 0.0       
    14 1.81970E-5 81.8675782    190 .060255959 8.53824333    366 199.526231 6.45534074    542 660693.448 0.0       
    15 1.90546E-5 80.0376347    191 .063095734 8.51861948    367 208.929613 6.42497468    543 691830.971 0.0       
    16 1.99526E-5 78.2505859    192 .066069345 8.50000875    368 218.776162 6.39405528    544 724435.960 0.0       
    17 2.08930E-5 76.5034710    193 .069183097 8.48102648    369 229.086765 6.36361964    545 758577.575 0.0       
    18 2.18776E-5 74.7991845    194 .072443596 8.46337712    370 239.883292 6.33282990    546 794328.235 0.0       
    19 2.29087E-5 73.1322030    195 .075857758 8.44525886    371 251.188643 6.30234832    547 831763.771 0.0       
    20 2.39883E-5 71.5058292    196 .079432823 8.42825735    372 263.026799 6.27195980    548 870963.590 0.0       
    21 2.51189E-5 69.9164869    197 .083176377 8.41131826    373 275.422870 6.24149710    549 912010.839 0.0       
    22 2.63027E-5 68.3634976    198 .087096359 8.39461225    374 288.403150 6.21155545    550 954992.586 0.0       
    23 2.75423E-5 66.8484716    199 .091201084 8.37888965    375 301.995172 6.18135943    551 1000000.00 0.0       
    24 2.88403E-5 65.3668024    200 .095499259 8.36268035    376 316.227766 6.15163886    552 1047128.55 0.0       
    25 3.01995E-5 63.9214944    201 .100000000 8.34773884    377 331.131121 6.12209083    553 1096478.20 0.0       
    26 3.16228E-5 62.5092947    202 .104712855 8.33257983    378 346.736850 6.09262890    554 1148153.62 0.0       
    27 3.31131E-5 61.1295700    203 .109647820 8.31778006    379 363.078055 6.06378030    555 1202264.43 0.0       
    28 3.46737E-5 59.7837778    204 .114815362 8.30386631    380 380.189396 6.03480250    556 1258925.41 0.0       
    29 3.63078E-5 58.4678011    205 .120226443 8.28945234    381 398.107171 6.00650516    557 1318256.74 0.0       
    30 3.80189E-5 57.1843217    206 .125892541 8.27621899    382 416.869383 5.97845350    558 1380384.26 0.0       
    31 3.98107E-5 55.9304442    207 .131825674 8.26293994    383 436.515832 5.95067392    559 1445439.77 0.0       
    32 4.16869E-5 54.7055988    208 .138038426 8.24950422    384 457.088190 5.92352140    560 1513561.25 0.0       
    33 4.36516E-5 53.5110950    209 .144543977 8.23723838    385 478.630092 5.89641179    561 1584893.19 0.0       
    34 4.57088E-5 52.3432643    210 .151356125 8.22457139    386 501.187234 5.86999836    562 1659586.91 0.0       
    35 4.78630E-5 51.2044812    211 .158489319 8.21220154    387 524.807460 5.84393145    563 1737800.83 0.0       
    36 5.01187E-5 50.0921933    212 .165958691 8.20073163    388 549.540874 5.81813615    564 1819700.86 0.0       
    37 5.24807E-5 49.0058708    213 .173780083 8.18874435    389 575.439937 5.79311345    565 1905460.72 0.0       
    38 5.49541E-5 47.9466891    214 .181970086 8.17742800    390 602.559586 5.76811527    566 1995262.31 0.0       
    39 5.75440E-5 46.9113843    215 .190546072 8.16665523    391 630.957344 5.74389700    567 2089296.13 0.0       
    40 6.02560E-5 45.9020632    216 .199526231 8.15538771    392 660.693448 5.72010146    568 2187761.62 0.0       
    41 6.30957E-5 44.9164621    217 .208929613 8.14491473    393 691.830971 5.69649172    569 2290867.65 0.0       
    42 6.60693E-5 43.9541006    218 .218776162 8.13484334    394 724.435960 5.67369889    570 2398832.92 0.0       
    43 6.91831E-5 43.0160326    219 .229086765 8.12430620    395 758.577575 5.65099481    571 2511886.43 0.0       
    44 7.24436E-5 42.0993485    220 .239883292 8.11454452    396 794.328235 5.62889694    572 2630267.99 0.0       
    45 7.58578E-5 41.2059182    221 .251188643 8.10523865    397 831.763771 5.60724031    573 2754228.70 0.0       
    46 7.94328E-5 40.3337379    222 .263026799 8.09549422    398 870.963590 5.58584961    574 2884031.50 0.0       
    47 8.31764E-5 39.4823763    223 .275422870 8.08609969    399 912.010839 5.56515407    575 3019951.72 0.0       
    48 8.70964E-5 38.6528535    224 .288403150 8.07746751    400 954.992586 5.54446310    576 3162277.66 0.0       
    49 9.12011E-5 37.8424673    225 .301995172 8.06843925    401 1000.00000 5.52453450    577 3311311.21 0.0       
    50 9.54993E-5 37.0526190    226 .316227766 8.05939545    402 1047.12855 5.50462090    578 3467368.50 0.0       
    51 1.00000E-4 36.2822861    227 .331131121 8.05137448    403 1096.47820 5.48530425    579 3630780.55 0.0       
    52 1.04713E-4 35.5301469    228 .346736850 8.04310138    404 1148.15362 5.46603123    580 3801893.96 0.0       
    53 1.09648E-4 34.7976539    229 .363078055 8.03451122    405 1202.26443 5.44721095    581 3981071.71 0.0       
    54 1.14815E-4 34.0828014    230 .380189396 8.02684765    406 1258.92541 5.42840363    582 4168693.83 0.0       
    55 1.20226E-4 33.3854524    231 .398107171 8.01932385    407 1318.25674 5.40995828    583 4365158.32 0.0       
    56 1.25893E-4 32.7063809    232 .416869383 8.01144545    408 1380.38426 5.39134525    584 4570881.90 0.0       
    57 1.31826E-4 32.0434865    233 .436515832 8.00373259    409 1445.43977 5.37310501    585 4786300.92 0.0       
    58 1.38038E-4 31.3976649    234 .457088190 7.99692034    410 1513.56125 5.35418773    586 5011872.34 0.0       
    59 1.44544E-4 30.7684201    235 .478630092 7.98983896    411 1584.89319 5.33541525    587 5248074.60 0.0       
    60 1.51356E-4 30.1543733    236 .501187234 7.98243897    412 1659.58691 5.31594641    588 5495408.74 0.0       
    61 1.58489E-4 29.5566193    237 .524807460 7.97572629    413 1737.80083 5.29556003    589 5754399.37 0.0       
    62 1.65959E-4 28.9739911    238 .549540874 7.96933469    414 1819.70086 5.27421287    590 6025595.86 0.0       
    63 1.73780E-4 28.4057134    239 .575439937 7.96264186    415 1905.46072 5.25134306    591 6309573.44 0.0       
    64 1.81970E-4 27.8527933    240 .602559586 7.95572280    416 1995.26231 5.22512709    592 6606934.48 0.0       
    65 1.90546E-4 27.3138835    241 .630957344 7.94967646    417 2089.29613 5.19357644    593 6918309.71 0.0       
    66 1.99526E-4 26.7884827    242 .660693448 7.94372387    418 2187.76162 5.15161525    594 7244359.60 0.0       
    67 2.08930E-4 26.2774895    243 .691830971 7.93749075    419 2290.86765 5.08500347    595 7585775.75 0.0       
    68 2.18776E-4 25.7795426    244 .724435960 7.93106770    420 2398.83292 4.93206232    596 7943282.35 0.0       
    69 2.29087E-4 25.2942258    245 .758577575 7.92550275    421 2511.88643 27.1449366    597 8317637.71 0.0       
    70 2.39883E-4 24.8223239    246 .794328235 7.92000076    422 2630.26799 6.04214554    598 8709635.90 0.0       
    71 2.51189E-4 24.3626717    247 .831763771 7.91423947    423 2754.22870 5.45204236    599 9120108.39 0.0       
    72 2.63027E-4 23.9148053    248 .870963590 7.90823560    424 2884.03150 5.34016916    600 9549925.86 0.0       
    73 2.75423E-4 23.4794064    249 .912010839 7.90296521    425 3019.95172 5.28296880    601 10000000.0 0.0       
    74 2.88403E-4 23.0556112    250 .954992586 7.89795561    426 3162.27766 5.24434659    602 10471285.5 0.0       
    75 3.01995E-4 22.6427775    251 1.00000000 7.89270991    427 3311.31121 7.43378521    603 10964782.0 0.0       
    76 3.16228E-4 22.2412529    252 1.04712855 7.88721699    428 3467.36850 5.18944028    604 11481536.2 0.0       
    77 3.31131E-4 21.8508688    253 1.09647820 7.88175973    429 3630.78055 5.16285471    605 12022644.3 0.0       
    78 3.46737E-4 21.4707934    254 1.14815362 7.87708911    430 3801.89396 5.13865460    606 12589254.1 0.0       
    79 3.63078E-4 21.1008759    255 1.20226443 7.87228942    431 3981.07171 5.11416157    607 13182567.4 0.0       
    80 3.80189E-4 20.7415079    256 1.25892541 7.86726353    432 4168.69383 5.08924439    608 13803842.6 0.0       
    81 3.98107E-4 20.3918759    257 1.31825674 7.86200531    433 4365.15832 5.06321356    609 14454397.7 0.0       
    82 4.16869E-4 20.0516661    258 1.38038426 7.85727293    434 4570.88190 5.17676710    610 15135612.5 0.0       
    83 4.36516E-4 19.7207953    259 1.44543977 7.85289107    435 4786.30092 5.00535520    611 15848931.9 0.0       
    84 4.57088E-4 19.3994301    260 1.51356125 7.84830271    436 5011.87234 4.97024826    612 16595869.1 0.0       
    85 4.78630E-4 19.0868608    261 1.58489319 7.84349811    437 5248.07460 4.92986152    613 17378008.3 0.0       
    86 5.01187E-4 18.7828281    262 1.65958691 7.83850398    438 5495.40874 5.14568435    614 18197008.6 0.0       
    87 5.24807E-4 18.4871764    263 1.73780083 7.83414562    439 5754.39937 4.81986671    615 19054607.2 0.0       
    88 5.49541E-4 18.2000977    264 1.81970086 7.82995295    440 6025.59586 4.73778321    616 19952623.1 0.0       
    89 5.75440E-4 17.9210428    265 1.90546072 7.82556269    441 6309.57344 4.61990361    617 20892961.3 0.0       
    90 6.02560E-4 17.6496747    266 1.99526231 7.82096553    442 6606.93448 4.43172062    618 21877616.2 0.0       
    91 6.30957E-4 17.3858763    267 2.08929613 7.81618889    443 6918.30971 4.12772985    619 22908676.5 0.0       
    92 6.60693E-4 17.1294542    268 2.18776162 7.81198020    444 7244.35960 24.8815786    620 23988329.2 0.0       
    93 6.91831E-4 16.8804633    269 2.29086765 7.80789543    445 7585.77575 10.1211012    621 25118864.3 0.0       
    94 7.24436E-4 16.6384852    270 2.39883292 7.80361816    446 7943.28235 6.33915380    622 26302679.9 0.0       
    95 7.58578E-4 16.4032392    271 2.51188643 7.79913930    447 8317.63771 5.74733627    623 27542287.0 0.0       
    96 7.94328E-4 16.1746045    272 2.63026799 7.79444936    448 8709.63590 5.48415594    624 28840315.0 0.0       
    97 8.31764E-4 15.9523698    273 2.75422870 7.79005811    449 9120.10839 7.85584279    625 30199517.2 0.0       
    98 8.70964E-4 15.7364107    274 2.88403150 7.78606674    450 9549.92586 6.25051880    626 31622776.6 0.0       
    99 9.12011E-4 15.5265881    275 3.01995172 7.78188801    451 10000.0000 4.99837228    627 33113112.1 0.0       
   100 9.54993E-4 15.3227172    276 3.16227766 7.77751233    452 10471.2855 4.75549281    628 34673685.0 0.0       
   101 .001000000 15.1245775    277 3.31131121 7.77293044    453 10964.7820 4.25044378    629 36307805.5 0.0       
   102 .001047129 14.9319668    278 3.46736850 7.76815808    454 11481.5362 17.3427013    630 38018939.6 0.0       
   103 .001096478 14.7447533    279 3.63078055 7.76387886    455 12022.6443 6.05261869    631 39810717.1 0.0       
   104 .001148154 14.5627744    280 3.80189396 7.75972823    456 12589.2541 7.84392464    632 41686938.3 0.0       
   105 .001202264 14.3858712    281 3.98107171 7.75538198    457 13182.5674 5.70273247    633 43651583.2 0.0       
   106 .001258925 14.2139148    282 4.16869383 7.75083091    458 13803.8426 6.27465588    634 45708819.0 0.0       
   107 .001318257 14.0467277    283 4.36515832 7.74606535    459 14454.3977 4.50123032    635 47863009.2 0.0       
   108 .001380384 13.8842087    284 4.57088190 7.74108474    460 15135.6125 11.3168021    636 50118723.4 0.0       
   109 .001445440 13.7261687    285 4.78630092 7.73647966    461 15848.9319 5.83823552    637 52480746.0 0.0       
   110 .001513561 13.5725281    286 5.01187234 7.73202636    462 16595.8691 5.53781956    638 54954087.4 0.0       
   111 .001584893 13.4231277    287 5.24807460 7.72736317    463 17378.0083 5.39243678    639 57543993.7 0.0       
   112 .001659587 13.2778027    288 5.49540874 7.72248022    464 18197.0086 5.30590288    640 60255958.6 0.0       
   113 .001737801 13.1364952    289 5.75439937 7.71736715    465 19054.6072 5.23192905    641 63095734.4 0.0       
   114 .001819701 12.9990501    290 6.02559586 7.71201310    466 19952.6231 6.34765720    642 66069344.8 0.0       
   115 .001905461 12.8653190    291 6.30957344 7.70661556    467 20892.9613 5.10363895    643 69183097.1 0.0       
   116 .001995262 12.7352514    292 6.60693448 7.70165146    468 21877.6162 5.15753977    644 72443596.0 0.0       
   117 .002089296 12.6087050    293 6.91830971 7.69650696    469 22908.6765 9.50667184    645 75857757.5 0.0       
   118 .002187762 12.4855526    294 7.24435960 7.69112002    470 23988.3292 12.9183527    646 79432823.5 0.0       
   119 .002290868 12.3657390    295 7.58577575 7.68547919    471 25118.8643 4.19406673    647 83176377.1 0.0       
   120 .002398833 12.2491432    296 7.94328235 7.67957252    472 26302.6799 8.47532559    648 87096359.0 0.0       
   121 .002511886 12.1356597    297 8.31763771 7.67338747    473 27542.2870 5.17031999    649 91201083.9 0.0       
   122 .002630268 12.0252196    298 8.70963590 7.66729341    474 28840.3150 17.9056235    650 95499258.6 0.0       
   123 .002754229 11.9177315    299 9.12010839 7.66141661    475 30199.5172 6.79045662    651 100000000. 0.0       
   124 .002884032 11.8131100    300 9.54992586 7.65526497    476 31622.7766 6.84210997    652 104712855. 0.0       
   125 .003019952 11.7112781    301 10.0000000 7.64882342    477 33113.1121 5.68325098    653 109647820. 0.0       
   126 .003162278 11.6121628    302 10.4712855 7.64207828    478 34673.6850 10.8877015    654 114815362. 0.0       
   127 .003311311 11.5156744    303 10.9647820 7.63501525    479 36307.8055 4.79613758    655 120226443. 0.0       
   128 .003467369 11.4216105    304 11.4815362 7.62761936    480 38018.9396 6.75219947    656 125892541. 0.0       
   129 .003630781 11.3299871    305 12.0226443 7.62028564    481 39810.7171 5.20218027    657 131825674. 0.0       
   130 .003801894 11.2408016    306 12.5892541 7.61308854    482 41686.9383 8.31998853    658 138038426. 0.0       
   131 .003981072 11.1539743    307 13.1825674 7.60555288    483 43651.5832 5.45274657    659 144543977. 0.0       
   132 .004168694 11.0694502    308 13.8038426 7.59766208    484 45708.8190 5.01786366    660 151356125. 0.0       
   133 .004365158 10.9871793    309 14.4543977 7.58939939    485 47863.0092 4.54588481    661 158489319. 0.0       
   134 .004570882 10.9069525    310 15.1356125 7.58074730    486 50118.7234 7.35969479    662 165958691. 0.0       
   135 .004786301 10.8286730    311 15.8489319 7.57168768    487 52480.7460 10.6708187    663 173780083. 0.0       
   136 .005011872 10.7524714    312 16.5958691 7.56267705    488 54954.0874 10.3993533    664 181970086. 0.0       
   137 .005248075 10.6783111    313 17.3780083 7.55368317    489 57543.9937 5.86622366    665 190546072. 0.0       
   138 .005495409 10.6061791    314 18.1970086 7.54426542    490 60255.9586 11.9207719    666 199526231. 0.0       
   139 .005754399 10.5357541    315 19.0546072 7.53440383    491 63095.7344 7.47535719    667 208929613. 0.0       
   140 .006025596 10.4669621    316 19.9526231 7.52407747    492 66069.3448 10.3314045    668 218776162. 0.0       
   141 .006309573 10.4000570    317 20.8929613 7.51326444    493 69183.0971 7.23322343    669 229086765. 0.0       
   142 .006606934 10.3350106    318 21.8776162 7.50210258    494 72443.5960 7.90942768    670 239883292. 0.0       
   143 .006918310 10.2715778    319 22.9086765 7.49113902    495 75857.7575 11.7571905    671 251188643. 0.0       
   144 .007244360 10.2094768    320 23.9883292 7.47974639    496 79432.8235 4.47240865    672 263026799. 0.0       
   145 .007585776 10.1491053    321 25.1188643 7.46781683    497 83176.3771 12.5841249    673 275422870. 0.0       
   146 .007943282 10.0904804    322 26.3026799 7.45532506    498 87096.3590 8.55953447    674 288403150. 0.0       
   147 .008317638 10.0330854    323 27.5422870 7.44224457    499 91201.0839 7.79792675    675 301995172. 0.0       
   148 .008709636 9.97700152    324 28.8403150 7.42885340    500 95499.2586 5.83386124    676 316227766. 0.0       
   149 .009120108 9.92259159    325 30.1995172 7.41559712    501 100000.000 6.13771357    677 331131121. 0.0       
   150 .009549926 9.86961546    326 31.6227766 7.40175214    502 104712.855 6.01628468    678 346736850. 0.0       
   151 .010000000 9.81753491    327 33.1131121 7.38725466    503 109647.820 9.03351536    679 363078055. 0.0       
   152 .010471285 9.76702750    328 34.6736850 7.37207394    504 114815.362 10.0124484    680 380189396. 0.0       
   153 .010964782 9.71799270    329 36.3078055 7.35636901    505 120226.443 9.01676686    681 398107171. 0.0       
   154 .011481536 9.66967600    330 38.0189396 7.34085837    506 125892.541 7.48988176    682 416869383. 0.0       
   155 .012022644 9.62283598    331 39.8107171 7.32474135    507 131825.674 10.9371563    683 436515832. 0.0       
   156 .012589254 9.57739752    332 41.6869383 7.30786477    508 138038.426 10.7780059    684 457088190. 0.0       
   157 .013182567 9.53255143    333 43.6515832 7.29019282    509 144543.977 7.16497401    685 478630092. 0.0       
   158 .013803843 9.48918883    334 45.7088190 7.27234300    510 151356.125 6.04146924    686 501187234. 0.0       
   159 .014454398 9.44700648    335 47.8630092 7.25441544    511 158489.319 9.05867619    687 524807460. 0.0       
   160 .015135612 9.40537166    336 50.1187234 7.23564389    512 165958.691 7.84617629    688 549540874. 0.0       
   161 .015848932 9.36533190    337 52.4807460 7.21598767    513 173780.083 10.6672342    689 575439937. 0.0       
   162 .016595869 9.32588216    338 54.9540874 7.19592283    514 181970.086 7.69957109    690 602559586. 0.0       
   163 .017378008 9.28739164    339 57.5439937 7.17596197    515 190546.072 6.94264381    691 630957344. 0.0       
   164 .018197009 9.25026336    340 60.2559586 7.15508993    516 199526.231 7.02229246    692 660693448. 0.0       
   165 .019054607 9.21336333    341 63.0957344 7.13325682    517 208929.613 6.89406338    693 691830971. 0.0       
   166 .019952623 9.17799189    342 66.0693448 7.11147271    518 218776.162 8.90871490    694 724435960. 0.0       
   167 .020892961 9.14302937    343 69.1830971 7.08926079    519 229086.765 9.05400402    695 758577575. 0.0       
   168 .021877616 9.10903808    344 72.4435960 7.06600205    520 239883.292 10.4166288    696 794328235. 0.0       
   169 .022908677 9.07613445    345 75.8577575 7.04245965    521 251188.643 13.1693731    697 831763771. 0.0       
   170 .023988329 9.04338039    346 79.4328235 7.01878158    522 263026.799 9.40651656    698 870963590. 0.0       
   171 .025118864 9.01202996    347 83.1763771 6.99399090    523 275422.870 13.4379356    699 912010839. 0.0       
   172 .026302680 8.98138007    348 87.0963590 6.96907717    524 288403.150 15.0838602    700 954992586. 0.0       
   173 .027542287 8.95143360    349 91.2010839 6.94389270    525 301995.172 0.0           701 1.00000E+9
   174 .028840315 8.92200652    350 95.4992586 6.91761795    526 316227.766 0.0       
   175 .030199517 8.89370448    351 100.000000 6.89151929    527 331131.121 0.0       
   176 .031622777 8.86552669    352 104.712855 6.86466114    528 346736.850 0.0       
 
                                                     MT=  2
 MAT 3925                         293.160004 Kelvin Unshielded Cross Sections                          39-Y -89 

   No.  Group-eV   Average      No.  Group-eV   Average      No.  Group-eV   Average      No.  Group-eV   Average

     1 1.00000E-5 46.5637058    177 .033113112 7.73607850    353 109.647820 6.82832194    529 363078.055 0.0       
     2 1.04713E-5 45.5292274    178 .034673685 7.73488689    354 114.815362 6.80088249    530 380189.396 0.0       
     3 1.09648E-5 44.5177335    179 .036307805 7.73369899    355 120.226443 6.77368692    531 398107.171 0.0       
     4 1.14815E-5 43.5312531    180 .038018940 7.73245510    356 125.892541 6.74539767    532 416869.383 0.0       
     5 1.20226E-5 42.5667676    181 .039810717 7.73115260    357 131.825674 6.71739605    533 436515.832 0.0       
     6 1.25893E-5 41.6252060    182 .041686938 7.72978870    358 138.038426 6.68868417    534 457088.190 0.0       
     7 1.31826E-5 40.7060959    183 .043651583 7.72836053    359 144.543977 6.65979806    535 478630.092 0.0       
     8 1.38038E-5 39.8075423    184 .045708819 7.72693353    360 151.356125 6.63072417    536 501187.234 0.0       
     9 1.44544E-5 38.9313403    185 .047863009 7.72603502    361 158.489319 6.60104655    537 524807.460 0.0       
    10 1.51356E-5 38.0747987    186 .050118723 7.72523278    362 165.958691 6.57155649    538 549540.874 0.0       
    11 1.58489E-5 37.2387618    187 .052480746 7.72439273    363 173.780083 6.54144764    539 575439.937 0.0       
    12 1.65959E-5 36.4228077    188 .054954087 7.72351308    364 181.970086 6.51172969    540 602559.586 0.0       
    13 1.73780E-5 35.6252325    189 .057543994 7.72259199    365 190.546072 6.48123929    541 630957.344 0.0       
    14 1.81970E-5 34.8476571    190 .060255959 7.72162748    366 199.526231 6.45122232    542 660693.448 0.0       
    15 1.90546E-5 34.0876833    191 .063095734 7.72061751    367 208.929613 6.42064699    543 691830.971 0.0       
    16 1.99526E-5 33.3460417    192 .066069345 7.71955995    368 218.776162 6.39041561    544 724435.960 0.0       
    17 2.08930E-5 32.6223881    193 .069183097 7.71863126    369 229.086765 6.35990625    545 758577.575 0.0       
    18 2.18776E-5 31.9151883    194 .072443596 7.71811493    370 239.883292 6.32952605    546 794328.235 0.0       
    19 2.29087E-5 31.2258862    195 .075857758 7.71759657    371 251.188643 6.29928428    547 831763.771 0.0       
    20 2.39883E-5 30.5523538    196 .079432823 7.71705379    372 263.026799 6.26889518    548 870963.590 0.0       
    21 2.51189E-5 29.8952368    197 .083176377 7.71648543    373 275.422870 6.23900689    549 912010.839 0.0       
    22 2.63027E-5 29.2542363    198 .087096359 7.71589028    374 288.403150 6.20882790    550 954992.586 0.0       
    23 2.75423E-5 28.6279843    199 .091201084 7.71526708    375 301.995172 6.17918254    551 1000000.00 0.0       
    24 2.88403E-5 28.0177617    200 .095499259 7.71461451    376 316.227766 6.14940604    552 1047128.55 0.0       
    25 3.01995E-5 27.4216893    201 .100000000 7.71393119    377 331.131121 6.11996030    553 1096478.20 0.0       
    26 3.16228E-5 26.8403256    202 .104712855 7.71321566    378 346.736850 6.09093804    554 1148153.62 0.0       
    27 3.31131E-5 26.2734151    203 .109647820 7.71246642    379 363.078055 6.06180629    555 1202264.43 0.0       
    28 3.46737E-5 25.7197425    204 .114815362 7.71188490    380 380.189396 6.03337968    556 1258925.41 0.0       
    29 3.63078E-5 25.1804968    205 .120226443 7.71158189    381 398.107171 6.00489056    557 1318256.74 0.0       
    30 3.80189E-5 24.6539808    206 .125892541 7.71126749    382 416.869383 5.97702933    558 1380384.26 0.0       
    31 3.98107E-5 24.1404139    207 .131825674 7.71093828    383 436.515832 5.94953671    559 1445439.77 0.0       
    32 4.16869E-5 23.6401150    208 .138038426 7.71059355    384 457.088190 5.92211280    560 1513561.25 0.0       
    33 4.36516E-5 23.1516292    209 .144543977 7.71023257    385 478.630092 5.89554223    561 1584893.19 0.0       
    34 4.57088E-5 22.6757967    210 .151356125 7.70985458    386 501.187234 5.86888149    562 1659586.91 0.0       
    35 4.78630E-5 22.2119173    211 .158489319 7.70945877    387 524.807460 5.84298618    563 1737800.83 0.0       
    36 5.01187E-5 21.7592568    212 .165958691 7.70904432    388 549.540874 5.81740484    564 1819700.86 0.0       
    37 5.24807E-5 21.3186890    213 .173780083 7.70861033    389 575.439937 5.79212247    565 1905460.72 0.0       
    38 5.49541E-5 20.8889675    214 .181970086 7.70815588    390 602.559586 5.76762006    566 1995262.31 0.0       
    39 5.75440E-5 20.4700829    215 .190546072 7.70768002    391 630.957344 5.74313309    567 2089296.13 0.0       
    40 6.02560E-5 20.0624708    216 .199526231 7.70718173    392 660.693448 5.71947713    568 2187761.62 0.0       
    41 6.30957E-5 19.6648949    217 .208929613 7.70665996    393 691.830971 5.69605534    569 2290867.65 0.0       
    42 6.60693E-5 19.2777522    218 .218776162 7.70614289    394 724.435960 5.67298506    570 2398832.92 0.0       
    43 6.91831E-5 18.9009709    219 .229086765 7.70587261    395 758.577575 5.65063676    571 2511886.43 0.0       
    44 7.24436E-5 18.5336226    220 .239883292 7.70565583    396 794.328235 5.62834562    572 2630267.99 0.0       
    45 7.58578E-5 18.1762256    221 .251188643 7.70542882    397 831.763771 5.60693288    573 2754228.70 0.0       
    46 7.94328E-5 17.8284371    222 .263026799 7.70519112    398 870.963590 5.58546976    574 2884031.50 0.0       
    47 8.31764E-5 17.4895297    223 .275422870 7.70494221    399 912.010839 5.56473568    575 3019951.72 0.0       
    48 8.70964E-5 17.1600720    224 .288403150 7.70468157    400 954.992586 5.54424901    576 3162277.66 0.0       
    49 9.12011E-5 16.8395682    225 .301995172 7.70440865    401 1000.00000 5.52409199    577 3311311.21 0.0       
    50 9.54993E-5 16.5274274    226 .316227766 7.70412287    402 1047.12855 5.50444933    578 3467368.50 0.0       
    51 1.00000E-4 16.2241059    227 .331131121 7.70382362    403 1096.47820 5.48487410    579 3630780.55 0.0       
    52 1.04713E-4 15.9292512    228 .346736850 7.70351027    404 1148.15362 5.46591718    580 3801893.96 0.0       
    53 1.09648E-4 15.6422980    229 .363078055 7.70318214    405 1202.26443 5.44680552    581 3981071.71 0.0       
    54 1.14815E-4 15.3635431    230 .380189396 7.70283856    406 1258.92541 5.42832166    582 4168693.83 0.0       
    55 1.20226E-4 15.0928343    231 .398107171 7.70247878    407 1318.25674 5.40957018    583 4365158.32 0.0       
    56 1.25893E-4 14.8296038    232 .416869383 7.70210205    408 1380.38426 5.39128799    584 4570881.90 0.0       
    57 1.31826E-4 14.5738249    233 .436515832 7.70170756    409 1445.43977 5.37273078    585 4786300.92 0.0       
    58 1.38038E-4 14.3258008    234 .457088190 7.70129447    410 1513.56125 5.35408617    586 5011872.34 0.0       
    59 1.44544E-4 14.0848959    235 .478630092 7.70086193    411 1584.89319 5.33548611    587 5248074.60 0.0       
    60 1.51356E-4 13.8508944    236 .501187234 7.70040899    412 1659.58691 5.31601064    588 5495408.74 0.0       
    61 1.58489E-4 13.6239703    237 .524807460 7.69993471    413 1737.80083 5.29556962    589 5754399.37 0.0       
    62 1.65959E-4 13.4040264    238 .549540874 7.69943808    414 1819.70086 5.27389904    590 6025595.86 0.0       
    63 1.73780E-4 13.1906041    239 .575439937 7.69891804    415 1905.46072 5.25094341    591 6309573.44 0.0       
    64 1.81970E-4 12.9835703    240 .602559586 7.69840666    416 1995.26231 5.22460933    592 6606934.48 0.0       
    65 1.90546E-4 12.7830859    241 .630957344 7.69803839    417 2089.29613 5.19283687    593 6918309.71 0.0       
    66 1.99526E-4 12.5889703    242 .660693448 7.69767588    418 2187.76162 5.15046154    594 7244359.60 0.0       
    67 2.08930E-4 12.4008465    243 .691830971 7.69729628    419 2290.86765 5.08271771    595 7585775.75 0.0       
    68 2.18776E-4 12.2186571    244 .724435960 7.69689880    420 2398.83292 4.92454155    596 7943282.35 0.0       
    69 2.29087E-4 12.0423055    245 .758577575 7.69648258    421 2511.88643 22.6510977    597 8317637.71 0.0       
    70 2.39883E-4 11.8718639    246 .794328235 7.69604675    422 2630.26799 5.99260247    598 8709635.90 0.0       
    71 2.51189E-4 11.7070034    247 .831763771 7.69559037    423 2754.22870 5.44803902    599 9120108.39 0.0       
    72 2.63027E-4 11.5475499    248 .870963590 7.69511249    424 2884.03150 5.33865270    600 9549925.86 0.0       
    73 2.75423E-4 11.3934326    249 .912010839 7.69461208    425 3019.95172 5.28213523    601 10000000.0 0.0       
    74 2.88403E-4 11.2445077    250 .954992586 7.69408810    426 3162.27766 5.24360978    602 10471285.5 0.0       
    75 3.01995E-4 11.1007990    251 1.00000000 7.69353941    427 3311.31121 7.03770314    603 10964782.0 0.0       
    76 3.16228E-4 10.9621018    252 1.04712855 7.69296487    428 3467.36850 5.18897963    604 11481536.2 0.0       
    77 3.31131E-4 10.8282667    253 1.09647820 7.69236325    429 3630.78055 5.16264441    605 12022644.3 0.0       
    78 3.46737E-4 10.6991565    254 1.14815362 7.69173328    430 3801.89396 5.13848739    606 12589254.1 0.0       
    79 3.63078E-4 10.5746723    255 1.20226443 7.69107362    431 3981.07171 5.11414823    607 13182567.4 0.0       
    80 3.80189E-4 10.4547050    256 1.25892541 7.69038287    432 4168.69383 5.08914527    608 13803842.6 0.0       
    81 3.98107E-4 10.3391473    257 1.31825674 7.68965956    433 4365.15832 5.06311125    609 14454397.7 0.0       
    82 4.16869E-4 10.2278587    258 1.38038426 7.68890217    434 4570.88190 5.07240475    610 15135612.5 0.0       
    83 4.36516E-4 10.1207661    259 1.44543977 7.68810908    435 4786.30092 5.00498380    611 15848931.9 0.0       
    84 4.57088E-4 10.0177406    260 1.51356125 7.68727862    436 5011.87234 4.97017234    612 16595869.1 0.0       
    85 4.78630E-4 9.91866795    261 1.58489319 7.68640901    437 5248.07460 4.92980773    613 17378008.3 0.0       
    86 5.01187E-4 9.82340736    262 1.65958691 7.68549843    438 5495.40874 5.00937583    614 18197008.6 0.0       
    87 5.24807E-4 9.73189739    263 1.73780083 7.68454492    439 5754.39937 4.81964799    615 19054607.2 0.0       
    88 5.49541E-4 9.64399898    264 1.81970086 7.68354649    440 6025.59586 4.73767503    616 19952623.1 0.0       
    89 5.75440E-4 9.55960514    265 1.90546072 7.68250099    441 6309.57344 4.61978108    617 20892961.3 0.0       
    90 6.02560E-4 9.47860697    266 1.99526231 7.68140623    442 6606.93448 4.43143599    618 21877616.2 0.0       
    91 6.30957E-4 9.40088925    267 2.08929613 7.68025987    443 6918.30971 4.12687965    619 22908676.5 0.0       
    92 6.60693E-4 9.32634738    268 2.18776162 7.67905948    444 7244.35960 24.7890201    620 23988329.2 0.0       
    93 6.91831E-4 9.25489377    269 2.29086765 7.67780252    445 7585.77575 10.1182143    621 25118864.3 0.0       
    94 7.24436E-4 9.18638846    270 2.39883292 7.67648632    446 7943.28235 6.33878898    622 26302679.9 0.0       
    95 7.58578E-4 9.12075503    271 2.51188643 7.67510809    447 8317.63771 5.74714524    623 27542287.0 0.0       
    96 7.94328E-4 9.05790374    272 2.63026799 7.67366491    448 8709.63590 5.48390533    624 28840315.0 0.0       
    97 8.31764E-4 8.99773870    273 2.75422870 7.67215371    449 9120.10839 7.73637036    625 30199517.2 0.0       
    98 8.70964E-4 8.94017740    274 2.88403150 7.67057129    450 9549.92586 6.22139024    626 31622776.6 0.0       
    99 9.12011E-4 8.88512476    275 3.01995172 7.66891430    451 10000.0000 4.99811284    627 33113112.1 0.0       
   100 9.54993E-4 8.83240555    276 3.16227766 7.66717921    452 10471.2855 4.75518729    628 34673685.0 0.0       
   101 .001000000 8.78187209    277 3.31131121 7.66536235    453 10964.7820 4.24803295    629 36307805.5 0.0       
   102 .001047129 8.73358830    278 3.46736850 7.66345986    454 11481.5362 17.0906016    630 38018939.6 0.0       
   103 .001096478 8.68750226    279 3.63078055 7.66146772    455 12022.6443 6.05202795    631 39810717.1 0.0       
   104 .001148154 8.64355363    280 3.80189396 7.65939457    456 12589.2541 7.80478505    632 41686938.3 0.0       
   105 .001202264 8.60134623    281 3.98107171 7.65735509    457 13182.5674 5.67460956    633 43651583.2 0.0       
   106 .001258925 8.56094496    282 4.16869383 7.65525398    458 13803.8426 6.22310403    634 45708819.0 0.0       
   107 .001318257 8.52251505    283 4.36515832 7.65305384    459 14454.3977 4.50025554    635 47863009.2 0.0       
   108 .001380384 8.48592432    284 4.57088190 7.65075002    460 15135.6125 11.3096775    636 50118723.4 0.0       
   109 .001445440 8.45058492    285 4.78630092 7.64833762    461 15848.9319 5.83578254    637 52480746.0 0.0       
   110 .001513561 8.41700225    286 5.01187234 7.64581152    462 16595.8691 5.53226094    638 54954087.4 0.0       
   111 .001584893 8.38518332    287 5.24807460 7.64316638    463 17378.0083 5.39237627    639 57543993.7 0.0       
   112 .001659587 8.35433196    288 5.49540874 7.64039657    464 18197.0086 5.30139113    640 60255958.6 0.0       
   113 .001737801 8.32509187    289 5.75439937 7.63749623    465 19054.6072 5.23175135    641 63095734.4 0.0       
   114 .001819701 8.29737097    290 6.02559586 7.63445920    466 19952.6231 6.33417884    642 66069344.8 0.0       
   115 .001905461 8.27039018    291 6.30957344 7.63127904    467 20892.9613 5.10344547    643 69183097.1 0.0       
   116 .001995262 8.24515810    292 6.60693448 7.62794900    468 21877.6162 5.15044349    644 72443596.0 0.0       
   117 .002089296 8.22068426    293 6.91830971 7.62446202    469 22908.6765 9.44554609    645 75857757.5 0.0       
   118 .002187762 8.19740390    294 7.24435960 7.62081070    470 23988.3292 12.8401783    646 79432823.5 0.0       
   119 .002290868 8.17539740    295 7.58577575 7.61698730    471 25118.8643 4.19317884    647 83176377.1 0.0       
   120 .002398833 8.15391403    296 7.94328235 7.61298372    472 26302.6799 8.46406421    648 87096359.0 0.0       
   121 .002511886 8.13400944    297 8.31763771 7.60879145    473 27542.2870 5.14853814    649 91201083.9 0.0       
   122 .002630268 8.11430337    298 8.70963590 7.60440160    474 28840.3150 17.8483456    650 95499258.6 0.0       
   123 .002754229 8.09622754    299 9.12010839 7.59980486    475 30199.5172 6.78814514    651 100000000. 0.0       
   124 .002884032 8.07819247    300 9.54992586 7.59499149    476 31622.7766 6.83059869    652 104712855. 0.0       
   125 .003019952 8.06175598    301 10.0000000 7.58995128    477 33113.1121 5.67827544    653 109647820. 0.0       
   126 .003162278 8.04526147    302 10.4712855 7.58467352    478 34673.6850 10.8748335    654 114815362. 0.0       
   127 .003311311 8.03030958    303 10.9647820 7.57914703    479 36307.8055 4.79172285    655 120226443. 0.0       
   128 .003467369 8.01525974    304 11.4815362 7.57342314    480 38018.9396 6.72263065    656 125892541. 0.0       
   129 .003630781 8.00157237    305 12.0226443 7.56773375    481 39810.7171 5.19420930    657 131825674. 0.0       
   130 .003801894 7.98800280    306 12.5892541 7.56181620    482 41686.9383 8.31594241    658 138038426. 0.0       
   131 .003981072 7.97524958    307 13.1825674 7.55561977    483 43651.5832 5.44919838    659 144543977. 0.0       
   132 .004168694 7.96323006    308 13.8038426 7.54913131    484 45708.8190 5.01395509    660 151356125. 0.0       
   133 .004365158 7.95119440    309 14.4543977 7.54233705    485 47863.0092 4.54583162    661 158489319. 0.0       
   134 .004570882 7.94051869    310 15.1356125 7.53522259    486 50118.7234 7.35209149    662 165958691. 0.0       
   135 .004786301 7.92952476    311 15.8489319 7.52777284    487 52480.7460 10.6682530    663 173780083. 0.0       
   136 .005011872 7.91952792    312 16.5958691 7.51997199    488 54954.0874 10.3924150    664 181970086. 0.0       
   137 .005248075 7.91001841    313 17.3780083 7.51180350    489 57543.9937 5.86615329    665 190546072. 0.0       
   138 .005495409 7.90030379    314 18.1970086 7.50325004    490 60255.9586 11.9157844    666 199526231. 0.0       
   139 .005754399 7.89188182    315 19.0546072 7.49429346    491 63095.7344 7.47261685    667 208929613. 0.0       
   140 .006025596 7.88341000    316 19.9526231 7.48514853    492 66069.3448 10.3279517    668 218776162. 0.0       
   141 .006309573 7.87494926    317 20.8929613 7.47598013    493 69183.0971 7.23014339    669 229086765. 0.0       
   142 .006606934 7.86770489    318 21.8776162 7.46638675    494 72443.5960 7.90695784    670 239883292. 0.0       
   143 .006918310 7.86028292    319 22.9086765 7.45634124    495 75857.7575 11.7540354    671 251188643. 0.0       
   144 .007244360 7.85285340    320 23.9883292 7.44582231    496 79432.8235 4.47187485    672 263026799. 0.0       
   145 .007585776 7.84658810    321 25.1188643 7.43480763    497 83176.3771 12.5795009    673 275422870. 0.0       
   146 .007943282 7.84020664    322 26.3026799 7.42327385    498 87096.3590 8.55793333    674 288403150. 0.0       
   147 .008317638 7.83362702    323 27.5422870 7.41119653    499 91201.0839 7.79602648    675 301995172. 0.0       
   148 .008709636 7.82809557    324 28.8403150 7.39899705    500 95499.2586 5.83230252    676 316227766. 0.0       
   149 .009120108 7.82272858    325 30.1995172 7.38665930    501 100000.000 6.13286418    677 331131121. 0.0       
   150 .009549926 7.81710865    326 31.6227766 7.37374009    502 104712.855 6.01447845    678 346736850. 0.0       
   151 .010000000 7.81180113    327 33.1131121 7.36021202    503 109647.820 9.03134541    679 363078055. 0.0       
   152 .010471285 7.80737577    328 34.6736850 7.34604639    504 114815.362 10.0103025    680 380189396. 0.0       
   153 .010964782 7.80277084    329 36.3078055 7.33121315    505 120226.443 9.01488272    681 398107171. 0.0       
   154 .011481536 7.79794889    330 38.0189396 7.31618545    506 125892.541 7.48863864    682 416869383. 0.0       
   155 .012022644 7.79368806    331 39.8107171 7.30104966    507 131825.674 10.9345918    683 436515832. 0.0       
   156 .012589254 7.79002882    332 41.6869383 7.28520147    508 138038.426 10.7752739    684 457088190. 0.0       
   157 .013182567 7.78619713    333 43.6515832 7.26860638    509 144543.977 7.16362801    685 478630092. 0.0       
   158 .013803843 7.78218485    334 45.7088190 7.25123417    510 151356.125 6.04089249    686 501187234. 0.0       
   159 .014454398 7.77845845    335 47.8630092 7.23377247    511 158489.319 9.05768529    687 524807460. 0.0       
   160 .015135612 7.77550092    336 50.1187234 7.21601493    512 165958.691 7.84483057    688 549540874. 0.0       
   161 .015848932 7.77242918    337 52.4807460 7.19742051    513 173780.083 10.6655794    689 575439937. 0.0       
   162 .016595869 7.76921267    338 54.9540874 7.17794975    514 181970.086 7.69847263    690 602559586. 0.0       
   163 .017378008 7.76586494    339 57.5439937 7.15827280    515 190546.072 6.94185478    691 630957344. 0.0       
   164 .018197009 7.76319475    340 60.2559586 7.13841098    516 199526.231 7.02113570    692 660693448. 0.0       
   165 .019054607 7.76084059    341 63.0957344 7.11761314    517 208929.613 6.89280907    693 691830971. 0.0       
   166 .019952623 7.75837548    342 66.0693448 7.09590433    518 218776.162 8.90755831    694 724435960. 0.0       
   167 .020892961 7.75579419    343 69.1830971 7.07435227    519 229086.765 9.05314107    695 758577575. 0.0       
   168 .021877616 7.75309126    344 72.4435960 7.05221228    520 239883.292 10.4156245    696 794328235. 0.0       
   169 .022908677 7.75067335    345 75.8577575 7.02902886    521 251188.643 13.1685405    697 831763771. 0.0       
   170 .023988329 7.74855472    346 79.4328235 7.00562259    522 263026.799 9.40547503    698 870963590. 0.0       
   171 .025118864 7.74659378    347 83.1763771 6.98201387    523 275422.870 13.4370842    699 912010839. 0.0       
   172 .026302680 7.74500043    348 87.0963590 6.95729257    524 288403.150 15.0832645    700 954992586. 0.0       
   173 .027542287 7.74334075    349 91.2010839 6.93239240    525 301995.172 0.0           701 1.00000E+9
   174 .028840315 7.74160285    350 95.4992586 6.90729520    526 316227.766 0.0       
   175 .030199517 7.73978305    351 100.000000 6.88107820    527 331131.121 0.0       
   176 .031622777 7.73787748    352 104.712855 6.85502435    528 346736.850 0.0       
 
                                                     MT=102
 MAT 3925                         293.160004 Kelvin Unshielded Cross Sections                          39-Y -89 

   No.  Group-eV   Average      No.  Group-eV   Average      No.  Group-eV   Average      No.  Group-eV   Average

     1 1.00000E-5 63.4051859    177 .033113112 1.10201308    353 109.647820 .009179707    529 363078.055 0.0       
     2 1.04713E-5 61.9623584    178 .034673685 1.07691158    354 114.815362 .008716478    530 380189.396 0.0       
     3 1.09648E-5 60.5510935    179 .036307805 1.05239971    355 120.226443 .008269602    531 398107.171 0.0       
     4 1.14815E-5 59.1737236    180 .038018940 1.02840267    356 125.892541 .007838291    532 416869.383 0.0       
     5 1.20226E-5 57.8258545    181 .039810717 1.00496305    357 131.825674 .007422504    533 436515.832 0.0       
     6 1.25893E-5 56.5103385    182 .041686938 .982045662    358 138.038426 .007022008    534 457088.190 0.0       
     7 1.31826E-5 55.2236132    183 .043651583 .959640377    359 144.543977 .006636877    535 478630.092 0.0       
     8 1.38038E-5 53.9665797    184 .045708819 .937767494    360 151.356125 .006266719    536 501187.234 0.0       
     9 1.44544E-5 52.7385167    185 .047863009 .916368324    361 158.489319 .005911554    537 524807.460 0.0       
    10 1.51356E-5 51.5373469    186 .050118723 .895490825    362 165.958691 .005570946    538 549540.874 0.0       
    11 1.58489E-5 50.3650105    187 .052480746 .875071797    363 173.780083 .005244568    539 575439.937 0.0       
    12 1.65959E-5 49.2177844    188 .054954087 .855149439    364 181.970086 .004932587    540 602559.586 0.0       
    13 1.73780E-5 48.0981058    189 .057543994 .835691754    365 190.546072 .004634801    541 630957.344 0.0       
    14 1.81970E-5 47.0029041    190 .060255959 .816685180    366 199.526231 .004350115    542 660693.448 0.0       
    15 1.90546E-5 45.9330111    191 .063095734 .798134247    367 208.929613 .004079278    543 691830.971 0.0       
    16 1.99526E-5 44.8877507    192 .066069345 .779970750    368 218.776162 .003821103    544 724435.960 0.0       
    17 2.08930E-5 43.8653994    193 .069183097 .762221804    369 229.086765 .003575983    545 758577.575 0.0       
    18 2.18776E-5 42.8675744    194 .072443596 .744837897    370 239.883292 .003343012    546 794328.235 0.0       
    19 2.29087E-5 41.8911231    195 .075857758 .727844856    371 251.188643 .003122361    547 831763.771 0.0       
    20 2.39883E-5 40.9381261    196 .079432823 .711237478    372 263.026799 .002914615    548 870963.590 0.0       
    21 2.51189E-5 40.0059498    197 .083176377 .694994479    373 275.422870 .002716588    549 912010.839 0.0       
    22 2.63027E-5 39.0953368    198 .087096359 .679142473    374 288.403150 .002529676    550 954992.586 0.0       
    23 2.75423E-5 38.2056636    199 .091201084 .663631604    375 301.995172 .002353421    551 1000000.00 0.0       
    24 2.88403E-5 37.3355088    200 .095499259 .648495242    376 316.227766 .002187379    552 1047128.55 0.0       
    25 3.01995E-5 36.4862217    201 .100000000 .633690631    377 331.131121 .002031168    553 1096478.20 0.0       
    26 3.16228E-5 35.6551219    202 .104712855 .619231799    378 346.736850 .001884324    554 1148153.62 0.0       
    27 3.31131E-5 34.8439973    203 .109647820 .605111883    379 363.078055 .001746581    555 1202264.43 0.0       
    28 3.46737E-5 34.0505746    204 .114815362 .591317642    380 380.189396 .001617780    556 1258925.41 0.0       
    29 3.63078E-5 33.2755329    205 .120226443 .577880874    381 398.107171 .001497007    557 1318256.74 0.0       
    30 3.80189E-5 32.5182888    206 .125892541 .564745713    382 416.869383 .001384344    558 1380384.26 0.0       
    31 3.98107E-5 31.7776705    207 .131825674 .551910087    383 436.515832 .001279131    559 1445439.77 0.0       
    32 4.16869E-5 31.0548089    208 .138038426 .539324979    384 457.088190 .001181201    560 1513561.25 0.0       
    33 4.36516E-5 30.3474240    209 .144543977 .527003384    385 478.630092 .001089989    561 1584893.19 0.0       
    34 4.57088E-5 29.6570510    210 .151356125 .514965482    386 501.187234 .001005300    562 1659586.91 0.0       
    35 4.78630E-5 28.9817319    211 .158489319 .503187778    387 524.807460 9.26725E-4    563 1737800.83 0.0       
    36 5.01187E-5 28.3220735    212 .165958691 .491695296    388 549.540874 8.53946E-4    564 1819700.86 0.0       
    37 5.24807E-5 27.6775461    213 .173780083 .480450585    389 575.439937 7.86616E-4    565 1905460.72 0.0       
    38 5.49541E-5 27.0471829    214 .181970086 .469474505    390 602.559586 7.24445E-4    566 1995262.31 0.0       
    39 5.75440E-5 26.4319247    215 .190546072 .458742966    391 630.957344 6.67206E-4    567 2089296.13 0.0       
    40 6.02560E-5 25.8298433    216 .199526231 .448254935    392 660.693448 6.14675E-4    568 2187761.62 0.0       
    41 6.30957E-5 25.2422431    217 .208929613 .438013502    393 691.830971 5.66132E-4    569 2290867.65 0.0       
    42 6.60693E-5 24.6674470    218 .218776162 .427994653    394 724.435960 5.21607E-4    570 2398832.92 0.0       
    43 6.91831E-5 24.1059943    219 .229086765 .418223634    395 758.577575 4.80988E-4    571 2511886.43 0.0       
    44 7.24436E-5 23.5574055    220 .239883292 .408687880    396 794.328235 4.43845E-4    572 2630267.99 0.0       
    45 7.58578E-5 23.0208844    221 .251188643 .399412784    397 831.763771 4.10091E-4    573 2754228.70 0.0       
    46 7.94328E-5 22.4972122    222 .263026799 .390321532    398 870.963590 3.79501E-4    574 2884031.50 0.0       
    47 8.31764E-5 21.9847566    223 .275422870 .381390674    399 912.010839 3.51918E-4    575 3019951.72 0.0       
    48 8.70964E-5 21.4846303    224 .288403150 .372660817    400 954.992586 3.27145E-4    576 3162277.66 0.0       
    49 9.12011E-5 20.9953946    225 .301995172 .364116623    401 1000.00000 3.05112E-4    577 3311311.21 0.0       
    50 9.54993E-5 20.5175284    226 .316227766 .355779733    402 1047.12855 2.85692E-4    578 3467368.50 0.0       
    51 1.00000E-4 20.0505992    227 .331131121 .347622883    403 1096.47820 2.68808E-4    579 3630780.55 0.0       
    52 1.04713E-4 19.5939457    228 .346736850 .339658810    404 1148.15362 2.54438E-4    580 3801893.96 0.0       
    53 1.09648E-4 19.1482276    229 .363078055 .331874166    405 1202.26443 2.42607E-4    581 3981071.71 0.0       
    54 1.14815E-4 18.7120585    230 .380189396 .324263330    406 1258.92541 2.33386E-4    582 4168693.83 0.0       
    55 1.20226E-4 18.2863814    231 .398107171 .316832929    407 1318.25674 2.26944E-4    583 4365158.32 0.0       
    56 1.25893E-4 17.8699718    232 .416869383 .309562115    408 1380.38426 2.23575E-4    584 4570881.90 0.0       
    57 1.31826E-4 17.4632454    233 .436515832 .302468088    409 1445.43977 2.23749E-4    585 4786300.92 0.0       
    58 1.38038E-4 17.0658202    234 .457088190 .295544078    410 1513.56125 2.28211E-4    586 5011872.34 0.0       
    59 1.44544E-4 16.6771512    235 .478630092 .288836595    411 1584.89319 2.38096E-4    587 5248074.60 0.0       
    60 1.51356E-4 16.2977790    236 .501187234 .282249266    412 1659.58691 2.55265E-4    588 5495408.74 0.0       
    61 1.58489E-4 15.9265358    237 .524807460 .275744081    413 1737.80083 2.82851E-4    589 5754399.37 0.0       
    62 1.65959E-4 15.5642311    238 .549540874 .269414423    414 1819.70086 3.26218E-4    590 6025595.86 0.0       
    63 1.73780E-4 15.2098023    239 .575439937 .263203363    415 1905.46072 3.95431E-4    591 6309573.44 0.0       
    64 1.81970E-4 14.8636302    240 .602559586 .257153105    416 1995.26231 5.10611E-4    592 6606934.48 0.0       
    65 1.90546E-4 14.5253612    241 .630957344 .251228480    417 2089.29613 7.18930E-4    593 6918309.71 0.0       
    66 1.99526E-4 14.1945507    242 .660693448 .245441623    418 2187.76162 .001149339    594 7244359.60 0.0       
    67 2.08930E-4 13.8716531    243 .691830971 .239789796    419 2290.86765 .002283406    595 7585775.75 0.0       
    68 2.18776E-4 13.5556750    244 .724435960 .234257908    420 2398.83292 .007533030    596 7943282.35 0.0       
    69 2.29087E-4 13.2473036    245 .758577575 .228860974    421 2511.88643 4.49382438    597 8317637.71 0.0       
    70 2.39883E-4 12.9456334    246 .794328235 .223578096    422 2630.26799 .049524272    598 8709635.90 0.0       
    71 2.51189E-4 12.6509952    247 .831763771 .218420137    423 2754.22870 .004020639    599 9120108.39 0.0       
    72 2.63027E-4 12.3630785    248 .870963590 .213375828    424 2884.03150 .001495343    600 9549925.86 0.0       
    73 2.75423E-4 12.0815163    249 .912010839 .208477168    425 3019.95172 8.18608E-4    601 10000000.0 0.0       
    74 2.88403E-4 11.8066843    250 .954992586 .203738633    426 3162.27766 7.55625E-4    602 10471285.5 0.0       
    75 3.01995E-4 11.5377417    251 1.00000000 .199002292    427 3311.31121 .396110493    603 10964782.0 0.0       
    76 3.16228E-4 11.2752768    252 1.04712855 .194396408    428 3467.36850 4.47110E-4    604 11481536.2 0.0       
    77 3.31131E-4 11.0185106    253 1.09647820 .189882871    429 3630.78055 2.25277E-4    605 12022644.3 0.0       
    78 3.46737E-4 10.7677375    254 1.14815362 .185475926    430 3801.89396 1.64319E-4    606 12589254.1 0.0       
    79 3.63078E-4 10.5226762    255 1.20226443 .181164182    431 3981.07171 1.31689E-4    607 13182567.4 0.0       
    80 3.80189E-4 10.2830302    256 1.25892541 .176958610    432 4168.69383 1.11479E-4    608 13803842.6 0.0       
    81 3.98107E-4 10.0491092    257 1.31825674 .172834397    433 4365.15832 1.00476E-4    609 14454397.7 0.0       
    82 4.16869E-4 9.82020170    258 1.38038426 .168814891    434 4570.88190 .104378781    610 15135612.5 0.0       
    83 4.36516E-4 9.59680878    259 1.44543977 .164879238    435 4786.30092 3.38342E-4    611 15848931.9 0.0       
    84 4.57088E-4 9.37826257    260 1.51356125 .161032079    436 5011.87234 8.34069E-5    612 16595869.1 0.0       
    85 4.78630E-4 9.16482253    261 1.58489319 .157273126    437 5248.07460 8.69390E-5    613 17378008.3 0.0       
    86 5.01187E-4 8.95623893    262 1.65958691 .153598915    438 5495.40874 .136322872    614 18197008.6 0.0       
    87 5.24807E-4 8.75226834    263 1.73780083 .150001661    439 5754.39937 1.66539E-4    615 19054607.2 0.0       
    88 5.49541E-4 8.55316810    264 1.81970086 .146489797    440 6025.59586 1.16737E-4    616 19952623.1 0.0       
    89 5.75440E-4 8.35833581    265 1.90546072 .143052169    441 6309.57344 1.57704E-4    617 20892961.3 0.0       
    90 6.02560E-4 8.16819845    266 1.99526231 .139707704    442 6606.93448 2.76302E-4    618 21877616.2 0.0       
    91 6.30957E-4 7.98218349    267 2.08929613 .136478792    443 6918.30971 8.99686E-4    619 22908676.5 0.0       
    92 6.60693E-4 7.80051868    268 2.18776162 .133238081    444 7244.35960 .092516995    620 23988329.2 0.0       
    93 6.91831E-4 7.62298273    269 2.29086765 .130110551    445 7585.77575 .002886643    621 25118864.3 0.0       
    94 7.24436E-4 7.44937709    270 2.39883292 .127015781    446 7943.28235 3.64653E-4    622 26302679.9 0.0       
    95 7.58578E-4 7.27991385    271 2.51188643 .124023328    447 8317.63771 1.90855E-4    623 27542287.0 0.0       
    96 7.94328E-4 7.11408453    272 2.63026799 .121066508    448 8709.63590 2.47982E-4    624 28840315.0 0.0       
    97 8.31764E-4 6.95225185    273 2.75422870 .118196580    449 9120.10839 .119468605    625 30199517.2 0.0       
    98 8.70964E-4 6.79392562    274 2.88403150 .115384269    450 9549.92586 .029118046    626 31622776.6 0.0       
    99 9.12011E-4 6.63930552    275 3.01995172 .112624157    451 10000.0000 2.33555E-4    627 33113112.1 0.0       
   100 9.54993E-4 6.48819603    276 3.16227766 .109936789    452 10471.2855 3.04988E-4    628 34673685.0 0.0       
   101 .001000000 6.34043456    277 3.31131121 .107304157    453 10964.7820 .002418830    629 36307805.5 0.0       
   102 .001047129 6.19619698    278 3.46736850 .104726612    454 11481.5362 .252088455    630 38018939.6 0.0       
   103 .001096478 6.05505304    279 3.63078055 .102207619    455 12022.6443 5.90136E-4    631 39810717.1 0.0       
   104 .001148154 5.91731107    280 3.80189396 .099740474    456 12589.2541 .039141600    632 41686938.3 0.0       
   105 .001202264 5.78255206    281 3.98107171 .097340570    457 13182.5674 .028116502    633 43651583.2 0.0       
   106 .001258925 5.65095045    282 4.16869383 .095027310    458 13803.8426 .051546943    634 45708819.0 0.0       
   107 .001318257 5.52233338    283 4.36515832 .092688379    459 14454.3977 9.76614E-4    635 47863009.2 0.0       
   108 .001380384 5.39656889    284 4.57088190 .090450013    460 15135.6125 .007124533    636 50118723.4 0.0       
   109 .001445440 5.27380177    285 4.78630092 .088213196    461 15848.9319 .002454216    637 52480746.0 0.0       
   110 .001513561 5.15366830    286 5.01187234 .086066152    462 16595.8691 .005553579    638 54954087.4 0.0       
   111 .001584893 5.03643101    287 5.24807460 .083931160    463 17378.0083 5.26399E-5    639 57543993.7 0.0       
   112 .001659587 4.92173101    288 5.49540874 .081862608    464 18197.0086 .004446702    640 60255958.6 0.0       
   113 .001737801 4.80972097    289 5.75439937 .079834899    465 19054.6072 1.46354E-4    641 63095734.4 0.0       
   114 .001819701 4.70024826    290 6.02559586 .077841280    466 19952.6231 .013476000    642 66069344.8 0.0       
   115 .001905461 4.59320588    291 6.30957344 .075899356    467 20892.9613 1.90660E-4    643 69183097.1 0.0       
   116 .001995262 4.48871305    292 6.60693448 .073997199    468 21877.6162 .007074788    644 72443596.0 0.0       
   117 .002089296 4.38646240    293 6.91830971 .072132220    469 22908.6765 .061121197    645 75857757.5 0.0       
   118 .002187762 4.28667725    294 7.24435960 .070307473    470 23988.3292 .078180246    646 79432823.5 0.0       
   119 .002290868 4.18905028    295 7.58577575 .068520833    471 25118.8643 8.89090E-4    647 83176377.1 0.0       
   120 .002398833 4.09371510    296 7.94328235 .066778142    472 26302.6799 .011260687    648 87096359.0 0.0       
   121 .002511886 4.00053705    297 8.31763771 .065100297    473 27542.2870 .021783697    649 91201083.9 0.0       
   122 .002630268 3.90942961    298 8.70963590 .063398465    474 28840.3150 .057278114    650 95499258.6 0.0       
   123 .002754229 3.82049073    299 9.12010839 .061772492    475 30199.5172 .002310086    651 100000000. 0.0       
   124 .002884032 3.73346082    300 9.54992586 .060143779    476 31622.7766 .011511409    652 104712855. 0.0       
   125 .003019952 3.64852961    301 10.0000000 .058580724    477 33113.1121 .004982889    653 109647820. 0.0       
   126 .003162278 3.56543429    302 10.4712855 .057023551    478 34673.6850 .012867832    654 114815362. 0.0       
   127 .003311311 3.48429135    303 10.9647820 .055514265    479 36307.8055 .004410722    655 120226443. 0.0       
   128 .003467369 3.40498240    304 11.4815362 .054034385    480 38018.9396 .029565141    656 125892541. 0.0       
   129 .003630781 3.32743759    305 12.0226443 .052576558    481 39810.7171 .007977310    657 131825674. 0.0       
   130 .003801894 3.25173728    306 12.5892541 .051155355    482 41686.9383 .004037287    658 138038426. 0.0       
   131 .003981072 3.17766227    307 13.1825674 .049763403    483 43651.5832 .003556237    659 144543977. 0.0       
   132 .004168694 3.10537375    308 13.8038426 .048397566    484 45708.8190 .003921426    660 151356125. 0.0       
   133 .004365158 3.03464700    309 14.4543977 .047057132    485 47863.0092 5.80284E-5    661 158489319. 0.0       
   134 .004570882 2.96558358    310 15.1356125 .045745053    486 50118.7234 .007603290    662 165958691. 0.0       
   135 .004786301 2.89807951    311 15.8489319 .044461374    487 52480.7460 .002563942    663 173780083. 0.0       
   136 .005011872 2.83207857    312 16.5958691 .043202319    488 54954.0874 .006938374    664 181970086. 0.0       
   137 .005248075 2.76764672    313 17.3780083 .041970744    489 57543.9937 7.02794E-5    665 190546072. 0.0       
   138 .005495409 2.70459892    314 18.1970086 .040781572    490 60255.9586 .004987070    666 199526231. 0.0       
   139 .005754399 2.64307228    315 19.0546072 .039581818    491 63095.7344 .002740001    667 208929613. 0.0       
   140 .006025596 2.58287474    316 19.9526231 .038430064    492 66069.3448 .003452669    668 218776162. 0.0       
   141 .006309573 2.52409497    317 20.8929613 .037280781    493 69183.0971 .003079550    669 229086765. 0.0       
   142 .006606934 2.46664203    318 21.8776162 .036167431    494 72443.5960 .002468772    670 239883292. 0.0       
   143 .006918310 2.41047106    319 22.9086765 .035074716    495 75857.7575 .003154348    671 251188643. 0.0       
   144 .007244360 2.35563636    320 23.9883292 .033998178    496 79432.8235 5.33703E-4    672 263026799. 0.0       
   145 .007585776 2.30198207    321 25.1188643 .032947800    497 83176.3771 .004623398    673 275422870. 0.0       
   146 .007943282 2.24962504    322 26.3026799 .031921391    498 87096.3590 .001601459    674 288403150. 0.0       
   147 .008317638 2.19840132    323 27.5422870 .030910212    499 91201.0839 .001897674    675 301995172. 0.0       
   148 .008709636 2.14838828    324 28.8403150 .029919819    500 95499.2586 .001560402    676 316227766. 0.0       
   149 .009120108 2.09950627    325 30.1995172 .028952556    501 100000.000 .004848630    677 331131121. 0.0       
   150 .009549926 2.05171925    326 31.6227766 .028004421    502 104712.855 .001807358    678 346736850. 0.0       
   151 .010000000 2.00507118    327 33.1131121 .027075477    503 109647.820 .002169625    679 363078055. 0.0       
   152 .010471285 1.95942994    328 34.6736850 .026165617    504 114815.362 .002145652    680 380189396. 0.0       
   153 .010964782 1.91489382    329 36.3078055 .025274948    505 120226.443 .001883846    681 398107171. 0.0       
   154 .011481536 1.87132178    330 38.0189396 .024405666    506 125892.541 .001242758    682 416869383. 0.0       
   155 .012022644 1.82877987    331 39.8107171 .023565172    507 131825.674 .002563790    683 436515832. 0.0       
   156 .012589254 1.78719719    332 41.6869383 .022720417    508 138038.426 .002731536    684 457088190. 0.0       
   157 .013182567 1.74654374    333 43.6515832 .021906257    509 144543.977 .001345400    685 478630092. 0.0       
   158 .013803843 1.70685365    334 45.7088190 .021107512    510 151356.125 5.76433E-4    686 501187234. 0.0       
   159 .014454398 1.66801399    335 47.8630092 .020322764    511 158489.319 9.90732E-4    687 524807460. 0.0       
   160 .015135612 1.63010595    336 50.1187234 .019559526    512 165958.691 .001346355    688 549540874. 0.0       
   161 .015848932 1.59300753    337 52.4807460 .018814579    513 173780.083 .001654197    689 575439937. 0.0       
   162 .016595869 1.55677432    338 54.9540874 .018084799    514 181970.086 .001098029    690 602559586. 0.0       
   163 .017378008 1.52134395    339 57.5439937 .017372120    515 190546.072 7.88543E-4    691 630957344. 0.0       
   164 .018197009 1.48669343    340 60.2559586 .016677835    516 199526.231 .001156856    692 660693448. 0.0       
   165 .019054607 1.45285259    341 63.0957344 .016001003    517 208929.613 .001254113    693 691830971. 0.0       
   166 .019952623 1.41973036    342 66.0693448 .015340694    518 218776.162 .001156545    694 724435960. 0.0       
   167 .020892961 1.38740090    343 69.1830971 .014697389    519 229086.765 8.62709E-4    695 758577575. 0.0       
   168 .021877616 1.35576565    344 72.4435960 .014070736    520 239883.292 .001004017    696 794328235. 0.0       
   169 .022908677 1.32487899    345 75.8577575 .013461019    521 251188.643 8.37551E-4    697 831763771. 0.0       
   170 .023988329 1.29469129    346 79.4328235 .012867883    522 263026.799 .001040583    698 870963590. 0.0       
   171 .025118864 1.26517790    347 83.1763771 .012291328    523 275422.870 8.53871E-4    699 912010839. 0.0       
   172 .026302680 1.23639523    348 87.0963590 .011730984    524 288403.150 5.95352E-4    700 954992586. 0.0       
   173 .027542287 1.20823979    349 91.2010839 .011187549    525 301995.172 0.0           701 1.00000E+9
   174 .028840315 1.18076055    350 95.4992586 .010662814    526 316227.766 0.0       
   175 .030199517 1.15390639    351 100.000000 .010154433    527 331131.121 0.0       
   176 .031622777 1.12765249    352 104.712855 .009659915    528 346736.850 0.0       
 
